#
# There is insufficient memory for the Java Runtime Environment to continue.
# Native memory allocation (malloc) failed to allocate 1044192 bytes for Chunk::new
# Possible reasons:
#   The system is out of physical RAM or swap space
#   In 32 bit mode, the process size limit was hit
# Possible solutions:
#   Reduce memory load on the system
#   Increase physical memory or swap space
#   Check if swap backing store is full
#   Use 64 bit Java on a 64 bit OS
#   Decrease Java heap size (-Xmx/-Xms)
#   Decrease number of Java threads
#   Decrease Java thread stack sizes (-Xss)
#   Set larger code cache with -XX:ReservedCodeCacheSize=
# This output file may be truncated or incomplete.
#
#  Out of Memory Error (allocation.cpp:390), pid=9772, tid=0x0000000000002248
#
# JRE version: Java(TM) SE Runtime Environment (8.0_101-b13) (build 1.8.0_101-b13)
# Java VM: Java HotSpot(TM) 64-Bit Server VM (25.101-b13 mixed mode windows-amd64 compressed oops)
# Failed to write core dump. Minidumps are not enabled by default on client versions of Windows
#

---------------  T H R E A D  ---------------

Current thread (0x0000000019e0c800):  JavaThread "C2 CompilerThread2" daemon [_thread_in_native, id=8776, stack(0x000000001a750000,0x000000001a850000)]

Stack: [0x000000001a750000,0x000000001a850000]
[error occurred during error reporting (printing stack bounds), id 0xc0000005]

Native frames: (J=compiled Java code, j=interpreted, Vv=VM code, C=native code)


Current CompileTask:
C2:   7698 3717       4       com.sun.beans.TypeResolver::resolve (37 bytes)


---------------  P R O C E S S  ---------------

Java Threads: ( => current thread )
  0x000000001cbff800 JavaThread "lettuce-timer-3-1" daemon [_thread_blocked, id=4700, stack(0x000000001e4a0000,0x000000001e5a0000)]
  0x000000001cc00800 JavaThread "mysql-cj-abandoned-connection-cleanup" daemon [_thread_blocked, id=12328, stack(0x000000001dba0000,0x000000001dca0000)]
  0x0000000019eb5800 JavaThread "Service Thread" daemon [_thread_blocked, id=8800, stack(0x000000001a950000,0x000000001aa50000)]
  0x0000000019e1a800 JavaThread "C1 CompilerThread3" daemon [_thread_blocked, id=3244, stack(0x000000001a850000,0x000000001a950000)]
=>0x0000000019e0c800 JavaThread "C2 CompilerThread2" daemon [_thread_in_native, id=8776, stack(0x000000001a750000,0x000000001a850000)]
  0x0000000019e06800 JavaThread "C2 CompilerThread1" daemon [_thread_in_native, id=14728, stack(0x000000001a650000,0x000000001a750000)]
  0x0000000019e02000 JavaThread "C2 CompilerThread0" daemon [_thread_in_native, id=14368, stack(0x000000001a550000,0x000000001a650000)]
  0x0000000019dfd800 JavaThread "Monitor Ctrl-Break" daemon [_thread_in_native, id=3700, stack(0x000000001a450000,0x000000001a550000)]
  0x0000000019d92800 JavaThread "Attach Listener" daemon [_thread_blocked, id=4424, stack(0x000000001a350000,0x000000001a450000)]
  0x0000000019df0800 JavaThread "Signal Dispatcher" daemon [_thread_blocked, id=10984, stack(0x000000001a250000,0x000000001a350000)]
  0x0000000019d70800 JavaThread "Finalizer" daemon [_thread_blocked, id=7280, stack(0x000000001a150000,0x000000001a250000)]
  0x0000000002f1d000 JavaThread "Reference Handler" daemon [_thread_blocked, id=14184, stack(0x0000000019c50000,0x0000000019d50000)]
  0x0000000002e22800 JavaThread "main" [_thread_in_vm, id=14444, stack(0x00000000029c0000,0x0000000002ac0000)]

Other Threads:
  0x0000000017e5a000 VMThread [stack: 0x0000000019b50000,0x0000000019c50000] [id=8396]
  0x0000000019f28000 WatcherThread [stack: 0x000000001aa50000,0x000000001ab50000] [id=13588]

VM state:not at safepoint (normal execution)

VM Mutex/Monitor currently owned by a thread: None

Heap:
 PSYoungGen      total 197632K, used 27727K [0x00000000d7500000, 0x00000000e5700000, 0x0000000100000000)
  eden space 186880K, 9% used [0x00000000d7500000,0x00000000d8599870,0x00000000e2b80000)
  from space 10752K, 99% used [0x00000000e2b80000,0x00000000e35fa518,0x00000000e3600000)
  to   space 10752K, 0% used [0x00000000e3600000,0x00000000e3600000,0x00000000e4080000)
 ParOldGen       total 73216K, used 15537K [0x0000000085e00000, 0x000000008a580000, 0x00000000d7500000)
  object space 73216K, 21% used [0x0000000085e00000,0x0000000086d2c488,0x000000008a580000)
 Metaspace       used 44013K, capacity 47226K, committed 47360K, reserved 1089536K
  class space    used 5971K, capacity 6549K, committed 6656K, reserved 1048576K

Card table byte_map: [0x0000000012510000,0x00000000128f0000] byte_map_base: 0x00000000120e1000

Marking Bits: (ParMarkBitMap*) 0x0000000074a5a6d0
 Begin Bits: [0x0000000013380000, 0x0000000015208000)
 End Bits:   [0x0000000015208000, 0x0000000017090000)

Polling page: 0x00000000011c0000

CodeCache: size=245760Kb used=13908Kb max_used=13908Kb free=231851Kb
 bounds [0x0000000003150000, 0x0000000003ef0000, 0x0000000012150000]
 total_blobs=4263 nmethods=3805 adapters=370
 compilation: enabled

Compilation events (10 events):
Event: 7.677 Thread 0x0000000019e1a800 nmethod 3807 0x0000000003ee9d10 code [0x0000000003ee9e60, 0x0000000003ee9f70]
Event: 7.679 Thread 0x0000000019e1a800 3808       3       org.springframework.aop.support.AopUtils::canApply (49 bytes)
Event: 7.680 Thread 0x0000000019e1a800 nmethod 3808 0x0000000003ee9fd0 code [0x0000000003eea1a0, 0x0000000003eea9f8]
Event: 7.680 Thread 0x0000000019e1a800 3809       1       org.springframework.transaction.interceptor.BeanFactoryTransactionAttributeSourceAdvisor::getPointcut (5 bytes)
Event: 7.680 Thread 0x0000000019e1a800 nmethod 3809 0x0000000003eeabd0 code [0x0000000003eead20, 0x0000000003eeae30]
Event: 7.680 Thread 0x0000000019e1a800 3810       1       org.springframework.aop.support.StaticMethodMatcherPointcut::getClassFilter (5 bytes)
Event: 7.680 Thread 0x0000000019e1a800 nmethod 3810 0x0000000003eeae90 code [0x0000000003eeafe0, 0x0000000003eeb0f0]
Event: 7.685 Thread 0x0000000019e1a800 3811       1       org.springframework.beans.ExtendedBeanInfo$SimplePropertyDescriptor::getWriteMethod (5 bytes)
Event: 7.685 Thread 0x0000000019e1a800 nmethod 3811 0x0000000003eeb150 code [0x0000000003eeb2a0, 0x0000000003eeb3b0]
Event: 7.692 Thread 0x0000000019e1a800 3813       3       com.fasterxml.jackson.databind.module.SimpleModule::_checkNotNull (26 bytes)

GC Heap History (10 events):
Event: 2.520 GC heap before
{Heap before GC invocations=7 (full 1):
 PSYoungGen      total 68608K, used 63488K [0x00000000d7500000, 0x00000000e0100000, 0x0000000100000000)
  eden space 63488K, 100% used [0x00000000d7500000,0x00000000db300000,0x00000000db300000)
  from space 5120K, 0% used [0x00000000db300000,0x00000000db300000,0x00000000db800000)
  to   space 8192K, 0% used [0x00000000df900000,0x00000000df900000,0x00000000e0100000)
 ParOldGen       total 48128K, used 5889K [0x0000000085e00000, 0x0000000088d00000, 0x00000000d7500000)
  object space 48128K, 12% used [0x0000000085e00000,0x00000000863c0418,0x0000000088d00000)
 Metaspace       used 24546K, capacity 26316K, committed 26624K, reserved 1073152K
  class space    used 3199K, capacity 3540K, committed 3584K, reserved 1048576K
Event: 2.528 GC heap after
Heap after GC invocations=7 (full 1):
 PSYoungGen      total 118272K, used 7289K [0x00000000d7500000, 0x00000000e0080000, 0x0000000100000000)
  eden space 110592K, 0% used [0x00000000d7500000,0x00000000d7500000,0x00000000de100000)
  from space 7680K, 94% used [0x00000000df900000,0x00000000e001e550,0x00000000e0080000)
  to   space 8704K, 0% used [0x00000000def80000,0x00000000def80000,0x00000000df800000)
 ParOldGen       total 48128K, used 5897K [0x0000000085e00000, 0x0000000088d00000, 0x00000000d7500000)
  object space 48128K, 12% used [0x0000000085e00000,0x00000000863c2418,0x0000000088d00000)
 Metaspace       used 24546K, capacity 26316K, committed 26624K, reserved 1073152K
  class space    used 3199K, capacity 3540K, committed 3584K, reserved 1048576K
}
Event: 3.611 GC heap before
{Heap before GC invocations=8 (full 1):
 PSYoungGen      total 118272K, used 117881K [0x00000000d7500000, 0x00000000e0080000, 0x0000000100000000)
  eden space 110592K, 100% used [0x00000000d7500000,0x00000000de100000,0x00000000de100000)
  from space 7680K, 94% used [0x00000000df900000,0x00000000e001e550,0x00000000e0080000)
  to   space 8704K, 0% used [0x00000000def80000,0x00000000def80000,0x00000000df800000)
 ParOldGen       total 48128K, used 5897K [0x0000000085e00000, 0x0000000088d00000, 0x00000000d7500000)
  object space 48128K, 12% used [0x0000000085e00000,0x00000000863c2418,0x0000000088d00000)
 Metaspace       used 30528K, capacity 32590K, committed 32896K, reserved 1077248K
  class space    used 3996K, capacity 4371K, committed 4480K, reserved 1048576K
Event: 3.621 GC heap after
Heap after GC invocations=8 (full 1):
 PSYoungGen      total 134144K, used 8694K [0x00000000d7500000, 0x00000000e4080000, 0x0000000100000000)
  eden space 125440K, 0% used [0x00000000d7500000,0x00000000d7500000,0x00000000def80000)
  from space 8704K, 99% used [0x00000000def80000,0x00000000df7fdaa0,0x00000000df800000)
  to   space 10752K, 0% used [0x00000000e3600000,0x00000000e3600000,0x00000000e4080000)
 ParOldGen       total 48128K, used 7893K [0x0000000085e00000, 0x0000000088d00000, 0x00000000d7500000)
  object space 48128K, 16% used [0x0000000085e00000,0x00000000865b5520,0x0000000088d00000)
 Metaspace       used 30528K, capacity 32590K, committed 32896K, reserved 1077248K
  class space    used 3996K, capacity 4371K, committed 4480K, reserved 1048576K
}
Event: 4.092 GC heap before
{Heap before GC invocations=9 (full 1):
 PSYoungGen      total 134144K, used 52686K [0x00000000d7500000, 0x00000000e4080000, 0x0000000100000000)
  eden space 125440K, 35% used [0x00000000d7500000,0x00000000d9ff5ed0,0x00000000def80000)
  from space 8704K, 99% used [0x00000000def80000,0x00000000df7fdaa0,0x00000000df800000)
  to   space 10752K, 0% used [0x00000000e3600000,0x00000000e3600000,0x00000000e4080000)
 ParOldGen       total 48128K, used 7893K [0x0000000085e00000, 0x0000000088d00000, 0x00000000d7500000)
  object space 48128K, 16% used [0x0000000085e00000,0x00000000865b5520,0x0000000088d00000)
 Metaspace       used 33120K, capacity 35376K, committed 35496K, reserved 1079296K
  class space    used 4455K, capacity 4894K, committed 4992K, reserved 1048576K
Event: 4.103 GC heap after
Heap after GC invocations=9 (full 1):
 PSYoungGen      total 197632K, used 8056K [0x00000000d7500000, 0x00000000e5700000, 0x0000000100000000)
  eden space 186880K, 0% used [0x00000000d7500000,0x00000000d7500000,0x00000000e2b80000)
  from space 10752K, 74% used [0x00000000e3600000,0x00000000e3dde0e0,0x00000000e4080000)
  to   space 10752K, 0% used [0x00000000e2b80000,0x00000000e2b80000,0x00000000e3600000)
 ParOldGen       total 48128K, used 7901K [0x0000000085e00000, 0x0000000088d00000, 0x00000000d7500000)
  object space 48128K, 16% used [0x0000000085e00000,0x00000000865b7520,0x0000000088d00000)
 Metaspace       used 33120K, capacity 35376K, committed 35496K, reserved 1079296K
  class space    used 4455K, capacity 4894K, committed 4992K, reserved 1048576K
}
Event: 4.103 GC heap before
{Heap before GC invocations=10 (full 2):
 PSYoungGen      total 197632K, used 8056K [0x00000000d7500000, 0x00000000e5700000, 0x0000000100000000)
  eden space 186880K, 0% used [0x00000000d7500000,0x00000000d7500000,0x00000000e2b80000)
  from space 10752K, 74% used [0x00000000e3600000,0x00000000e3dde0e0,0x00000000e4080000)
  to   space 10752K, 0% used [0x00000000e2b80000,0x00000000e2b80000,0x00000000e3600000)
 ParOldGen       total 48128K, used 7901K [0x0000000085e00000, 0x0000000088d00000, 0x00000000d7500000)
  object space 48128K, 16% used [0x0000000085e00000,0x00000000865b7520,0x0000000088d00000)
 Metaspace       used 33120K, capacity 35376K, committed 35496K, reserved 1079296K
  class space    used 4455K, capacity 4894K, committed 4992K, reserved 1048576K
Event: 4.179 GC heap after
Heap after GC invocations=10 (full 2):
 PSYoungGen      total 197632K, used 0K [0x00000000d7500000, 0x00000000e5700000, 0x0000000100000000)
  eden space 186880K, 0% used [0x00000000d7500000,0x00000000d7500000,0x00000000e2b80000)
  from space 10752K, 0% used [0x00000000e3600000,0x00000000e3600000,0x00000000e4080000)
  to   space 10752K, 0% used [0x00000000e2b80000,0x00000000e2b80000,0x00000000e3600000)
 ParOldGen       total 73216K, used 12680K [0x0000000085e00000, 0x000000008a580000, 0x00000000d7500000)
  object space 73216K, 17% used [0x0000000085e00000,0x0000000086a62170,0x000000008a580000)
 Metaspace       used 33120K, capacity 35376K, committed 35496K, reserved 1079296K
  class space    used 4455K, capacity 4894K, committed 4992K, reserved 1048576K
}
Event: 7.557 GC heap before
{Heap before GC invocations=11 (full 2):
 PSYoungGen      total 197632K, used 186880K [0x00000000d7500000, 0x00000000e5700000, 0x0000000100000000)
  eden space 186880K, 100% used [0x00000000d7500000,0x00000000e2b80000,0x00000000e2b80000)
  from space 10752K, 0% used [0x00000000e3600000,0x00000000e3600000,0x00000000e4080000)
  to   space 10752K, 0% used [0x00000000e2b80000,0x00000000e2b80000,0x00000000e3600000)
 ParOldGen       total 73216K, used 12680K [0x0000000085e00000, 0x000000008a580000, 0x00000000d7500000)
  object space 73216K, 17% used [0x0000000085e00000,0x0000000086a62170,0x000000008a580000)
 Metaspace       used 43644K, capacity 46796K, committed 46976K, reserved 1089536K
  class space    used 5920K, capacity 6476K, committed 6528K, reserved 1048576K
Event: 7.571 GC heap after
Heap after GC invocations=11 (full 2):
 PSYoungGen      total 197632K, used 10729K [0x00000000d7500000, 0x00000000e5700000, 0x0000000100000000)
  eden space 186880K, 0% used [0x00000000d7500000,0x00000000d7500000,0x00000000e2b80000)
  from space 10752K, 99% used [0x00000000e2b80000,0x00000000e35fa518,0x00000000e3600000)
  to   space 10752K, 0% used [0x00000000e3600000,0x00000000e3600000,0x00000000e4080000)
 ParOldGen       total 73216K, used 15537K [0x0000000085e00000, 0x000000008a580000, 0x00000000d7500000)
  object space 73216K, 21% used [0x0000000085e00000,0x0000000086d2c488,0x000000008a580000)
 Metaspace       used 43644K, capacity 46796K, committed 46976K, reserved 1089536K
  class space    used 5920K, capacity 6476K, committed 6528K, reserved 1048576K
}

Deoptimization events (10 events):
Event: 5.830 Thread 0x0000000002e22800 Uncommon trap: reason=unstable_if action=reinterpret pc=0x00000000039fb41c method=java.lang.invoke.MethodType.checkPtypes([Ljava/lang/Class;)I @ 40
Event: 6.142 Thread 0x0000000002e22800 Uncommon trap: reason=unstable_if action=reinterpret pc=0x0000000003d7cd78 method=org.springframework.core.annotation.TypeMappedAnnotations$MergedAnnotationFinder.process(Ljava/lang/Object;ILjava/lang/Object;Ljava/lang/annotation/Annotation;)Lorg/springfra÷±Ý˜ùÁ@
Event: 6.189 Thread 0x0000000002e22800 Uncommon trap: reason=bimorphic action=maybe_recompile pc=0x0000000003c4a6e8 method=java.util.AbstractList$Itr.hasNext()Z @ 8
Event: 6.194 Thread 0x0000000002e22800 Uncommon trap: reason=bimorphic action=maybe_recompile pc=0x0000000003c4a6e8 method=java.util.AbstractList$Itr.hasNext()Z @ 8
Event: 6.195 Thread 0x0000000002e22800 Uncommon trap: reason=bimorphic action=maybe_recompile pc=0x0000000003c4a6e8 method=java.util.AbstractList$Itr.hasNext()Z @ 8
Event: 6.200 Thread 0x0000000002e22800 Uncommon trap: reason=bimorphic action=maybe_recompile pc=0x0000000003c4a6e8 method=java.util.AbstractList$Itr.hasNext()Z @ 8
Event: 6.205 Thread 0x0000000002e22800 Uncommon trap: reason=unstable_if action=reinterpret pc=0x00000000037d2548 method=org.springframework.util.ObjectUtils.nullSafeEquals(Ljava/lang/Object;Ljava/lang/Object;)Z @ 12
Event: 7.196 Thread 0x0000000002e22800 Uncommon trap: reason=unstable_if action=reinterpret pc=0x000000000377b638 method=java.util.Properties$LineReader.readLine()I @ 228
Event: 7.206 Thread 0x0000000002e22800 Uncommon trap: reason=unstable_if action=reinterpret pc=0x0000000003682370 method=java.io.WinNTFileSystem.normalize(Ljava/lang/String;)Ljava/lang/String; @ 74
Event: 7.647 Thread 0x0000000002e22800 Uncommon trap: reason=range_check action=make_not_entrant pc=0x0000000003cd583c method=java.util.zip.ZipUtils.get16([BI)I @ 10

Internal exceptions (10 events):
Event: 7.671 Thread 0x0000000002e22800 Exception <a 'java/lang/ClassNotFoundException': org/springframework/beans/factory/InitializingBeanCustomizer> (0x00000000d801ba00) thrown at [C:\re\workspace\8-2-build-windows-amd64-cygwin\jdk8u101\7261\hotspot\src\share\vm\classfile\systemDictionary.cpp,5¼´<j¯@
Event: 7.671 Thread 0x0000000002e22800 Exception <a 'java/lang/ClassNotFoundException': com/fasterxml/jackson/core/VersionedCustomizer> (0x00000000d80389b0) thrown at [C:\re\workspace\8-2-build-windows-amd64-cygwin\jdk8u101\7261\hotspot\src\share\vm\classfile\systemDictionary.cpp, line 210]
Event: 7.677 Thread 0x0000000002e22800 Exception <a 'java/lang/ClassNotFoundException': java/lang/ObjectCustomizer> (0x00000000d8087560) thrown at [C:\re\workspace\8-2-build-windows-amd64-cygwin\jdk8u101\7261\hotspot\src\share\vm\classfile\systemDictionary.cpp, line 210]
Event: 7.678 Thread 0x0000000002e22800 Exception <a 'java/lang/ClassNotFoundException': org/springframework/data/web/config/SpringDataJacksonConfigurationCustomizer> (0x00000000d80b23b0) thrown at [C:\re\workspace\8-2-build-windows-amd64-cygwin\jdk8u101\7261\hotspot\src\share\vm\classfile\systeÜ
|#·@
Event: 7.679 Thread 0x0000000002e22800 Exception <a 'java/lang/ClassNotFoundException': org/springframework/data/web/config/SpringDataJacksonModulesCustomizer> (0x00000000d80d9828) thrown at [C:\re\workspace\8-2-build-windows-amd64-cygwin\jdk8u101\7261\hotspot\src\share\vm\classfile\systemDicti
Event: 7.684 Thread 0x0000000002e22800 Exception <a 'java/lang/ClassNotFoundException': org/springframework/data/geo/GeoModuleBeanInfo> (0x00000000d814c8f8) thrown at [C:\re\workspace\8-2-build-windows-amd64-cygwin\jdk8u101\7261\hotspot\src\share\vm\classfile\systemDictionary.cpp, line 210]
Event: 7.684 Thread 0x0000000002e22800 Exception <a 'java/lang/ClassNotFoundException': org/springframework/data/geo/GeoModuleCustomizer> (0x00000000d8169aa8) thrown at [C:\re\workspace\8-2-build-windows-amd64-cygwin\jdk8u101\7261\hotspot\src\share\vm\classfile\systemDictionary.cpp, line 210]
Event: 7.685 Thread 0x0000000002e22800 Exception <a 'java/lang/ClassNotFoundException': com/fasterxml/jackson/core/VersionedCustomizer> (0x00000000d819b018) thrown at [C:\re\workspace\8-2-build-windows-amd64-cygwin\jdk8u101\7261\hotspot\src\share\vm\classfile\systemDictionary.cpp, line 210]
Event: 7.689 Thread 0x0000000002e22800 Exception <a 'java/lang/ClassNotFoundException': java/lang/ObjectCustomizer> (0x00000000d81dbdc8) thrown at [C:\re\workspace\8-2-build-windows-amd64-cygwin\jdk8u101\7261\hotspot\src\share\vm\classfile\systemDictionary.cpp, line 210]
Event: 7.690 Thread 0x0000000002e22800 Exception <a 'java/lang/ClassNotFoundException': org/springframework/http/converter/json/Jackson2ObjectMapperBuilderCustomizer> (0x00000000d8206ae0) thrown at [C:\re\workspace\8-2-build-windows-amd64-cygwin\jdk8u101\7261\hotspot\src\share\vm\classfile\systp¨)È®@

Events (10 events):
Event: 7.689 loading class java/lang/ObjectCustomizer
Event: 7.689 loading class java/lang/ObjectCustomizer done
Event: 7.689 loading class org/springframework/http/converter/json/Jackson2ObjectMapperBuilderCustomizer
Event: 7.689 loading class org/springframework/http/converter/json/Jackson2ObjectMapperBuilderCustomizer done
Event: 7.689 loading class org/springframework/http/converter/json/Jackson2ObjectMapperBuilderCustomizer
Event: 7.689 loading class org/springframework/http/converter/json/Jackson2ObjectMapperBuilderCustomizer done
Event: 7.689 loading class org/springframework/http/converter/json/Jackson2ObjectMapperBuilderCustomizer
Event: 7.689 loading class org/springframework/http/converter/json/Jackson2ObjectMapperBuilderCustomizer done
Event: 7.692 loading class org/joda/time/YearMonth
Event: 7.692 loading class org/joda/time/YearMonth done


Dynamic libraries:
0x00007ff6c2150000 - 0x00007ff6c2187000 	D:\JAVA\JDK\bin\java.exe
0x00007ffdbfb30000 - 0x00007ffdbfd28000 	C:\WINDOWS\SYSTEM32\ntdll.dll
0x00007ffdbf9a0000 - 0x00007ffdbfa5f000 	C:\WINDOWS\System32\KERNEL32.DLL
0x00007ffdbd600000 - 0x00007ffdbd8da000 	C:\WINDOWS\System32\KERNELBASE.dll
0x00007ffdbdc30000 - 0x00007ffdbdcde000 	C:\WINDOWS\System32\ADVAPI32.dll
0x00007ffdbe820000 - 0x00007ffdbe8be000 	C:\WINDOWS\System32\msvcrt.dll
0x00007ffdbdb90000 - 0x00007ffdbdc2c000 	C:\WINDOWS\System32\sechost.dll
0x00007ffdbf730000 - 0x00007ffdbf856000 	C:\WINDOWS\System32\RPCRT4.dll
0x00007ffdbe920000 - 0x00007ffdbeabd000 	C:\WINDOWS\System32\USER32.dll
0x00007ffdbda60000 - 0x00007ffdbda82000 	C:\WINDOWS\System32\win32u.dll
0x00007ffdbe730000 - 0x00007ffdbe75b000 	C:\WINDOWS\System32\GDI32.dll
0x00007ffdbd8e0000 - 0x00007ffdbd9f0000 	C:\WINDOWS\System32\gdi32full.dll
0x00007ffdbd340000 - 0x00007ffdbd3dd000 	C:\WINDOWS\System32\msvcp_win.dll
0x00007ffdbda90000 - 0x00007ffdbdb90000 	C:\WINDOWS\System32\ucrtbase.dll
0x00007ffdae6e0000 - 0x00007ffdae97a000 	C:\WINDOWS\WinSxS\amd64_microsoft.windows.common-controls_6595b64144ccf1df_6.0.19041.1110_none_60b5254171f9507e\COMCTL32.dll
0x00007ffdbe670000 - 0x00007ffdbe6a0000 	C:\WINDOWS\System32\IMM32.DLL
0x0000000075d00000 - 0x0000000075dd2000 	D:\JAVA\JDK\jre\bin\msvcr100.dll
0x0000000074240000 - 0x0000000074ada000 	D:\JAVA\JDK\jre\bin\server\jvm.dll
0x00007ffdbe6a0000 - 0x00007ffdbe6a8000 	C:\WINDOWS\System32\PSAPI.DLL
0x00007ffdb2760000 - 0x00007ffdb2787000 	C:\WINDOWS\SYSTEM32\WINMM.dll
0x00007ffdb5310000 - 0x00007ffdb531a000 	C:\WINDOWS\SYSTEM32\VERSION.dll
0x00007ffdb8c60000 - 0x00007ffdb8c69000 	C:\WINDOWS\SYSTEM32\WSOCK32.dll
0x00007ffdbe6b0000 - 0x00007ffdbe71b000 	C:\WINDOWS\System32\WS2_32.dll
0x0000000075cf0000 - 0x0000000075cff000 	D:\JAVA\JDK\jre\bin\verify.dll
0x0000000075cc0000 - 0x0000000075ce9000 	D:\JAVA\JDK\jre\bin\java.dll
0x0000000075c90000 - 0x0000000075cb3000 	D:\JAVA\JDK\jre\bin\instrument.dll
0x0000000075c70000 - 0x0000000075c86000 	D:\JAVA\JDK\jre\bin\zip.dll
0x00007ffdbdce0000 - 0x00007ffdbe424000 	C:\WINDOWS\System32\SHELL32.dll
0x00007ffdbb020000 - 0x00007ffdbb7b3000 	C:\WINDOWS\SYSTEM32\windows.storage.dll
0x00007ffdbf3d0000 - 0x00007ffdbf724000 	C:\WINDOWS\System32\combase.dll
0x00007ffdbcbc0000 - 0x00007ffdbcbee000 	C:\WINDOWS\SYSTEM32\Wldp.dll
0x00007ffdbf240000 - 0x00007ffdbf2ed000 	C:\WINDOWS\System32\SHCORE.dll
0x00007ffdbe760000 - 0x00007ffdbe7b5000 	C:\WINDOWS\System32\shlwapi.dll
0x00007ffdbd180000 - 0x00007ffdbd19f000 	C:\WINDOWS\SYSTEM32\profapi.dll
0x00007ffda92f0000 - 0x00007ffda930a000 	D:\idea\IntelliJ IDEA 2019.2.1\bin\breakgen64.dll
0x0000000075c50000 - 0x0000000075c6a000 	D:\JAVA\JDK\jre\bin\net.dll
0x00007ffdbc920000 - 0x00007ffdbc98a000 	C:\WINDOWS\system32\mswsock.dll
0x0000000075c20000 - 0x0000000075c31000 	D:\JAVA\JDK\jre\bin\nio.dll
0x0000000075c40000 - 0x0000000075c4d000 	D:\JAVA\JDK\jre\bin\management.dll
0x00007ffdaa100000 - 0x00007ffdaa117000 	C:\WINDOWS\system32\napinsp.dll
0x00007ffdaa0a0000 - 0x00007ffdaa0bb000 	C:\WINDOWS\system32\pnrpnsp.dll
0x00007ffda9f80000 - 0x00007ffda9f95000 	C:\WINDOWS\system32\wshbth.dll
0x00007ffdb88d0000 - 0x00007ffdb88ed000 	C:\WINDOWS\system32\NLAapi.dll
0x00007ffdbc610000 - 0x00007ffdbc64c000 	C:\WINDOWS\SYSTEM32\IPHLPAPI.DLL
0x00007ffdbc650000 - 0x00007ffdbc71b000 	C:\WINDOWS\SYSTEM32\DNSAPI.dll
0x00007ffdbe720000 - 0x00007ffdbe728000 	C:\WINDOWS\System32\NSI.dll
0x00007ffda9f20000 - 0x00007ffda9f32000 	C:\WINDOWS\System32\winrnr.dll
0x00007ffda8cc0000 - 0x00007ffda8cca000 	C:\Windows\System32\rasadhlp.dll
0x00007ffdae010000 - 0x00007ffdae090000 	C:\WINDOWS\System32\fwpuclnt.dll
0x00007ffdbd540000 - 0x00007ffdbd567000 	C:\WINDOWS\System32\bcrypt.dll
0x00007ffdade30000 - 0x00007ffdade47000 	C:\WINDOWS\SYSTEM32\dhcpcsvc6.DLL
0x00007ffdade60000 - 0x00007ffdade7d000 	C:\WINDOWS\SYSTEM32\dhcpcsvc.DLL
0x00007ffdbcb10000 - 0x00007ffdbcb28000 	C:\WINDOWS\SYSTEM32\CRYPTSP.dll
0x00007ffdbc240000 - 0x00007ffdbc274000 	C:\WINDOWS\system32\rsaenh.dll
0x00007ffdbd140000 - 0x00007ffdbd16e000 	C:\WINDOWS\SYSTEM32\USERENV.dll
0x00007ffdbd570000 - 0x00007ffdbd5f2000 	C:\WINDOWS\System32\bcryptprimitives.dll
0x00007ffdbcb30000 - 0x00007ffdbcb3c000 	C:\WINDOWS\SYSTEM32\CRYPTBASE.dll

VM Arguments:
jvm_args: -ea -Didea.test.cyclic.buffer.size=1048576 -javaagent:D:\idea\IntelliJ IDEA 2019.2.1\lib\idea_rt.jar=55990:D:\idea\IntelliJ IDEA 2019.2.1\bin -Dfile.encoding=UTF-8 
java_command: com.intellij.rt.execution.junit.JUnitStarter -ideVersion5 -junit5 com.congwu.demo.ApplicationTests,contextLoads
java_class_path (initial): D:\idea\IntelliJ IDEA 2019.2.1\lib\idea_rt.jar;D:\idea\IntelliJ IDEA 2019.2.1\plugins\junit\lib\junit-rt.jar;D:\idea\IntelliJ IDEA 2019.2.1\plugins\junit\lib\junit5-rt.jar;E:\maven\apache-maven-3.5.0\apache-maven-3.5.0\repo\org\junit\platform\junit-platform-launcher\1.8.2\junit-platform-launcher-1.8.2.jar;E:\maven\apache-maven-3.5.0\apache-maven-3.5.0\repo\org\junit\platform\junit-platform-engine\1.8.2\junit-platform-engine-1.8.2.jar;E:\maven\apache-maven-3.5.0\apache-maven-3.5.0\repo\org\opentest4j\opentest4j\1.2.0\opentest4j-1.2.0.jar;E:\maven\apache-maven-3.5.0\apache-maven-3.5.0\repo\org\junit\platform\junit-platform-commons\1.8.2\junit-platform-commons-1.8.2.jar;E:\maven\apache-maven-3.5.0\apache-maven-3.5.0\repo\org\apiguardian\apiguardian-api\1.1.2\apiguardian-api-1.1.2.jar;D:\JAVA\JDK\jre\lib\charsets.jar;D:\JAVA\JDK\jre\lib\deploy.jar;D:\JAVA\JDK\jre\lib\ext\access-bridge-64.jar;D:\JAVA\JDK\jre\lib\ext\cldrdata.jar;D:\JAVA\JDK\jre\lib\ext\dnsns.jar;D:\JAVA\JDK\jre\lib\ext\jaccess.jar;D:\JAVA\JDK\jre\lib\ext\jfxrt.jar;D:\JAVA\JDK\jre\lib\ext\localedata.jar;D:\JAVA\JDK\jre\lib\ext\nashorn.jar;D:\JAVA\JDK\jre\lib\ext\sunec.jar;D:\JAVA\JDK\jre\lib\ext\sunjce_provider.jar;D:\JAVA\JDK\jre\lib\ext\sunmscapi.jar;D:\JAVA\JDK\jre\lib\ext\sunpkcs11.jar;D:\JAVA\JDK\jre\lib\ext\zipfs.jar;D:\JAVA\JDK\jre\lib\javaws.jar;D:\JAVA\JDK\jre\lib\jce.jar;D:\JAVA\JDK\jre\lib\jfr.jar;D:\JAVA\JDK\jre\lib\jfxswt.jar;D:\JAVA\JDK\jre\lib\jsse.jar;D:\JAVA\JDK\jre\lib\management-agent.jar;D:\JAVA\JDK\jre\lib\plugin.jar;D:\JAVA\JDK\jre\lib\resources.jar;D:\JAVA\JDK\jre\lib\rt.jar;D:\IdeaProjects\spring-shangc\target\test-classes;D:\IdeaProjects\spring-shangc\target\classes;E:\maven\apache-maven-3.5.0\apache-maven-3.5.0\repo\org\springframework\boot\spring-boot-starter-security\2.7.6\spring-boot-starter-security-2.7.6.jar;E:\maven\apache-maven-3.5.0\apache-maven-3.5.0\repo\org\springframework\boot\spring-boot-starter\2.7.6\spring-boot-starter-2.7.6.jar;E:\mave
Launcher Type: SUN_STANDARD

Environment Variables:
JAVA_HOME=D:\JAVA\
PATH=C:\ProgramData\Oracle\Java\javapath;D:\oracle\app\oracle\product\11.2.0\server\bin;C:\WINDOWS\system32;C:\WINDOWS;C:\WINDOWS\System32\Wbem;C:\WINDOWS\System32\WindowsPowerShell\v1.0\;C:\WINDOWS\System32\OpenSSH\;D:\JAVA\\JRE\bin;D:\JAVA\\JDK\bin;C:\Users\Administrator\AppData\Local\Programs\Python\Python36;D:\ct\apache-tomcat-8.0.52\bin;C:\Program Files\Microsoft SQL Server\130\Tools\Binn\;C:\Program Files\dotnet\;C:\Program Files\Microsoft SQL Server\Client SDK\ODBC\170\Tools\Binn\;C:\Program Files (x86)\dotnet\;D:\Back end\node\;C:\Users\Administrator\AppData\Local\Programs\Python\Python36\Scripts\;C:\Users\Administrator\AppData\Local\Programs\Python\Python36\;C:\Users\Administrator\AppData\Local\Microsoft\WindowsApps;D:\visual studio\bin;C:\mingw64\bin;C:\Users\Administrator\.dotnet\tools;C:\Users\Administrator\AppData\Roaming\npm
USERNAME=Administrator
OS=Windows_NT
PROCESSOR_IDENTIFIER=AMD64 Family 23 Model 17 Stepping 0, AuthenticAMD



---------------  S Y S T E M  ---------------

OS: Windows 10.0 , 64 bit Build 19041 (10.0.19041.2788)

CPU:total 8 (8 cores per cpu, 1 threads per core) family 23 model 17 stepping 0, cmov, cx8, fxsr, mmx, sse, sse2, sse3, ssse3, sse4.1, sse4.2, popcnt, avx, avx2, aes, clmul, mmxext, 3dnowpref, lzcnt, sse4a, tsc, tscinvbit, tscinv, bmi1

Memory: 4k page, physical 7998076k(1297528k free), swap 12926648k(5752k free)

vm_info: Java HotSpot(TM) 64-Bit Server VM (25.101-b13) for windows-amd64 JRE (1.8.0_101-b13), built on Jun 22 2016 01:21:29 by "java_re" with MS VC++ 10.0 (VS2010)

time: Mon May 15 23:18:33 2023
elapsed time: 7 seconds (0d 0h 0m 7s)

