#
# There is insufficient memory for the Java Runtime Environment to continue.
# Native memory allocation (malloc) failed to allocate 1296016 bytes for Chunk::new
# Possible reasons:
#   The system is out of physical RAM or swap space
#   In 32 bit mode, the process size limit was hit
# Possible solutions:
#   Reduce memory load on the system
#   Increase physical memory or swap space
#   Check if swap backing store is full
#   Use 64 bit Java on a 64 bit OS
#   Decrease Java heap size (-Xmx/-Xms)
#   Decrease number of Java threads
#   Decrease Java thread stack sizes (-Xss)
#   Set larger code cache with -XX:ReservedCodeCacheSize=
# This output file may be truncated or incomplete.
#
#  Out of Memory Error (allocation.cpp:390), pid=13452, tid=0x00000000000037cc
#
# JRE version: Java(TM) SE Runtime Environment (8.0_101-b13) (build 1.8.0_101-b13)
# Java VM: Java HotSpot(TM) 64-Bit Server VM (25.101-b13 mixed mode windows-amd64 compressed oops)
# Failed to write core dump. Minidumps are not enabled by default on client versions of Windows
#

---------------  T H R E A D  ---------------

Current thread (0x000000001a1ec800):  JavaThread "C2 CompilerThread2" daemon [_thread_in_native, id=14284, stack(0x000000001ab90000,0x000000001ac90000)]

Stack: [0x000000001ab90000,0x000000001ac90000]
[error occurred during error reporting (printing stack bounds), id 0xc0000005]

Native frames: (J=compiled Java code, j=interpreted, Vv=VM code, C=native code)


Current CompileTask:
C2:   7787 3607   !   4       org.springframework.core.annotation.AnnotationsScanner::processMethodHierarchy (276 bytes)


---------------  P R O C E S S  ---------------

Java Threads: ( => current thread )
  0x000000001fdfa000 JavaThread "lettuce-timer-3-1" daemon [_thread_blocked, id=3900, stack(0x0000000021480000,0x0000000021580000)]
  0x000000001d2b6800 JavaThread "mysql-cj-abandoned-connection-cleanup" daemon [_thread_blocked, id=3604, stack(0x000000001dfe0000,0x000000001e0e0000)]
  0x000000001a29e000 JavaThread "Service Thread" daemon [_thread_blocked, id=9788, stack(0x000000001ad90000,0x000000001ae90000)]
  0x000000001a200000 JavaThread "C1 CompilerThread3" daemon [_thread_blocked, id=6852, stack(0x000000001ac90000,0x000000001ad90000)]
=>0x000000001a1ec800 JavaThread "C2 CompilerThread2" daemon [_thread_in_native, id=14284, stack(0x000000001ab90000,0x000000001ac90000)]
  0x000000001a1e6800 JavaThread "C2 CompilerThread1" daemon [_thread_in_native, id=11032, stack(0x000000001aa90000,0x000000001ab90000)]
  0x000000001a1e2000 JavaThread "C2 CompilerThread0" daemon [_thread_in_native, id=13904, stack(0x000000001a990000,0x000000001aa90000)]
  0x000000001a1dd800 JavaThread "Monitor Ctrl-Break" daemon [_thread_in_native, id=7896, stack(0x000000001a890000,0x000000001a990000)]
  0x000000001a172800 JavaThread "Attach Listener" daemon [_thread_blocked, id=8636, stack(0x000000001a790000,0x000000001a890000)]
  0x000000001a1d0800 JavaThread "Signal Dispatcher" daemon [_thread_blocked, id=13600, stack(0x000000001a690000,0x000000001a790000)]
  0x00000000033ae800 JavaThread "Finalizer" daemon [_thread_blocked, id=7944, stack(0x000000001a530000,0x000000001a630000)]
  0x00000000033ad000 JavaThread "Reference Handler" daemon [_thread_blocked, id=9164, stack(0x000000001a030000,0x000000001a130000)]
  0x00000000032b2800 JavaThread "main" [_thread_in_vm, id=12056, stack(0x00000000031b0000,0x00000000032b0000)]

Other Threads:
  0x000000001826a000 VMThread [stack: 0x0000000019f30000,0x000000001a030000] [id=12828]
  0x000000001a307800 WatcherThread [stack: 0x000000001ae90000,0x000000001af90000] [id=9380]

VM state:not at safepoint (normal execution)

VM Mutex/Monitor currently owned by a thread: None

Heap:
 PSYoungGen      total 134144K, used 62783K [0x00000000d7500000, 0x00000000e1580000, 0x0000000100000000)
  eden space 125440K, 43% used [0x00000000d7500000,0x00000000da9d4658,0x00000000def80000)
  from space 8704K, 99% used [0x00000000def80000,0x00000000df7fb630,0x00000000df800000)
  to   space 11264K, 0% used [0x00000000e0a80000,0x00000000e0a80000,0x00000000e1580000)
 ParOldGen       total 48128K, used 13504K [0x0000000085e00000, 0x0000000088d00000, 0x00000000d7500000)
  object space 48128K, 28% used [0x0000000085e00000,0x0000000086b303e8,0x0000000088d00000)
 Metaspace       used 43158K, capacity 45978K, committed 46080K, reserved 1089536K
  class space    used 5816K, capacity 6317K, committed 6400K, reserved 1048576K

Card table byte_map: [0x0000000012920000,0x0000000012d00000] byte_map_base: 0x00000000124f1000

Marking Bits: (ParMarkBitMap*) 0x0000000074a5a6d0
 Begin Bits: [0x0000000013790000, 0x0000000015618000)
 End Bits:   [0x0000000015618000, 0x00000000174a0000)

Polling page: 0x0000000002cc0000

CodeCache: size=245760Kb used=13649Kb max_used=13649Kb free=232110Kb
 bounds [0x0000000003560000, 0x00000000042c0000, 0x0000000012560000]
 total_blobs=4152 nmethods=3695 adapters=369
 compilation: enabled

Compilation events (10 events):
Event: 7.759 Thread 0x000000001a200000 3694       3       org.springframework.core.annotation.MissingMergedAnnotation::withNonMergedAttributes (2 bytes)
Event: 7.759 Thread 0x000000001a200000 nmethod 3694 0x00000000042b9ad0 code [0x00000000042b9c20, 0x00000000042b9d70]
Event: 7.769 Thread 0x000000001a200000 3696       3       org.springframework.core.annotation.TypeMappedAnnotations$AggregatesCollector::doWithAnnotations (10 bytes)
Event: 7.770 Thread 0x000000001a200000 nmethod 3696 0x00000000042ba190 code [0x00000000042ba340, 0x00000000042ba858]
Event: 7.770 Thread 0x000000001a200000 3697       3       org.springframework.core.annotation.TypeMappedAnnotations$AggregatesCollector::doWithAnnotations (20 bytes)
Event: 7.770 Thread 0x000000001a200000 nmethod 3697 0x00000000042bac90 code [0x00000000042bae40, 0x00000000042bb2d8]
Event: 7.770 Thread 0x000000001a200000 3698       3       java.lang.Class$MethodArray::addInterfaceMethods (44 bytes)
Event: 7.771 Thread 0x000000001a200000 nmethod 3698 0x00000000042bb610 code [0x00000000042bb7a0, 0x00000000042bbba8]
Event: 7.781 Thread 0x000000001a200000 3700       3       java.lang.invoke.LambdaForm::signatureArity (28 bytes)
Event: 7.781 Thread 0x000000001a200000 nmethod 3700 0x00000000042bbd50 code [0x00000000042bbec0, 0x00000000042bc1a8]

GC Heap History (10 events):
Event: 2.710 GC heap before
{Heap before GC invocations=7 (full 1):
 PSYoungGen      total 68608K, used 63488K [0x00000000d7500000, 0x00000000e0100000, 0x0000000100000000)
  eden space 63488K, 100% used [0x00000000d7500000,0x00000000db300000,0x00000000db300000)
  from space 5120K, 0% used [0x00000000db300000,0x00000000db300000,0x00000000db800000)
  to   space 8192K, 0% used [0x00000000df900000,0x00000000df900000,0x00000000e0100000)
 ParOldGen       total 48128K, used 5806K [0x0000000085e00000, 0x0000000088d00000, 0x00000000d7500000)
  object space 48128K, 12% used [0x0000000085e00000,0x00000000863ab840,0x0000000088d00000)
 Metaspace       used 24532K, capacity 26316K, committed 26368K, reserved 1073152K
  class space    used 3198K, capacity 3540K, committed 3584K, reserved 1048576K
Event: 2.717 GC heap after
Heap after GC invocations=7 (full 1):
 PSYoungGen      total 118272K, used 7335K [0x00000000d7500000, 0x00000000e0080000, 0x0000000100000000)
  eden space 110592K, 0% used [0x00000000d7500000,0x00000000d7500000,0x00000000de100000)
  from space 7680K, 95% used [0x00000000df900000,0x00000000e0029c00,0x00000000e0080000)
  to   space 8704K, 0% used [0x00000000def80000,0x00000000def80000,0x00000000df800000)
 ParOldGen       total 48128K, used 5814K [0x0000000085e00000, 0x0000000088d00000, 0x00000000d7500000)
  object space 48128K, 12% used [0x0000000085e00000,0x00000000863ad840,0x0000000088d00000)
 Metaspace       used 24532K, capacity 26316K, committed 26368K, reserved 1073152K
  class space    used 3198K, capacity 3540K, committed 3584K, reserved 1048576K
}
Event: 3.908 GC heap before
{Heap before GC invocations=8 (full 1):
 PSYoungGen      total 118272K, used 117927K [0x00000000d7500000, 0x00000000e0080000, 0x0000000100000000)
  eden space 110592K, 100% used [0x00000000d7500000,0x00000000de100000,0x00000000de100000)
  from space 7680K, 95% used [0x00000000df900000,0x00000000e0029c00,0x00000000e0080000)
  to   space 8704K, 0% used [0x00000000def80000,0x00000000def80000,0x00000000df800000)
 ParOldGen       total 48128K, used 5814K [0x0000000085e00000, 0x0000000088d00000, 0x00000000d7500000)
  object space 48128K, 12% used [0x0000000085e00000,0x00000000863ad840,0x0000000088d00000)
 Metaspace       used 30524K, capacity 32594K, committed 32896K, reserved 1077248K
  class space    used 3997K, capacity 4371K, committed 4480K, reserved 1048576K
Event: 3.919 GC heap after
Heap after GC invocations=8 (full 1):
 PSYoungGen      total 119296K, used 8700K [0x00000000d7500000, 0x00000000e0080000, 0x0000000100000000)
  eden space 110592K, 0% used [0x00000000d7500000,0x00000000d7500000,0x00000000de100000)
  from space 8704K, 99% used [0x00000000def80000,0x00000000df7ff348,0x00000000df800000)
  to   space 7680K, 0% used [0x00000000df900000,0x00000000df900000,0x00000000e0080000)
 ParOldGen       total 48128K, used 7858K [0x0000000085e00000, 0x0000000088d00000, 0x00000000d7500000)
  object space 48128K, 16% used [0x0000000085e00000,0x00000000865ac9f8,0x0000000088d00000)
 Metaspace       used 30524K, capacity 32594K, committed 32896K, reserved 1077248K
  class space    used 3997K, capacity 4371K, committed 4480K, reserved 1048576K
}
Event: 4.429 GC heap before
{Heap before GC invocations=9 (full 1):
 PSYoungGen      total 119296K, used 53343K [0x00000000d7500000, 0x00000000e0080000, 0x0000000100000000)
  eden space 110592K, 40% used [0x00000000d7500000,0x00000000da0988d8,0x00000000de100000)
  from space 8704K, 99% used [0x00000000def80000,0x00000000df7ff348,0x00000000df800000)
  to   space 7680K, 0% used [0x00000000df900000,0x00000000df900000,0x00000000e0080000)
 ParOldGen       total 48128K, used 7858K [0x0000000085e00000, 0x0000000088d00000, 0x00000000d7500000)
  object space 48128K, 16% used [0x0000000085e00000,0x00000000865ac9f8,0x0000000088d00000)
 Metaspace       used 33128K, capacity 35382K, committed 35496K, reserved 1079296K
  class space    used 4457K, capacity 4895K, committed 4992K, reserved 1048576K
Event: 4.437 GC heap after
Heap after GC invocations=9 (full 1):
 PSYoungGen      total 118272K, used 7654K [0x00000000d7500000, 0x00000000e0080000, 0x0000000100000000)
  eden space 110592K, 0% used [0x00000000d7500000,0x00000000d7500000,0x00000000de100000)
  from space 7680K, 99% used [0x00000000df900000,0x00000000e0079b38,0x00000000e0080000)
  to   space 8704K, 0% used [0x00000000def80000,0x00000000def80000,0x00000000df800000)
 ParOldGen       total 48128K, used 8232K [0x0000000085e00000, 0x0000000088d00000, 0x00000000d7500000)
  object space 48128K, 17% used [0x0000000085e00000,0x000000008660a2d8,0x0000000088d00000)
 Metaspace       used 33128K, capacity 35382K, committed 35496K, reserved 1079296K
  class space    used 4457K, capacity 4895K, committed 4992K, reserved 1048576K
}
Event: 4.437 GC heap before
{Heap before GC invocations=10 (full 2):
 PSYoungGen      total 118272K, used 7654K [0x00000000d7500000, 0x00000000e0080000, 0x0000000100000000)
  eden space 110592K, 0% used [0x00000000d7500000,0x00000000d7500000,0x00000000de100000)
  from space 7680K, 99% used [0x00000000df900000,0x00000000e0079b38,0x00000000e0080000)
  to   space 8704K, 0% used [0x00000000def80000,0x00000000def80000,0x00000000df800000)
 ParOldGen       total 48128K, used 8232K [0x0000000085e00000, 0x0000000088d00000, 0x00000000d7500000)
  object space 48128K, 17% used [0x0000000085e00000,0x000000008660a2d8,0x0000000088d00000)
 Metaspace       used 33128K, capacity 35382K, committed 35496K, reserved 1079296K
  class space    used 4457K, capacity 4895K, committed 4992K, reserved 1048576K
Event: 4.515 GC heap after
Heap after GC invocations=10 (full 2):
 PSYoungGen      total 118272K, used 0K [0x00000000d7500000, 0x00000000e0080000, 0x0000000100000000)
  eden space 110592K, 0% used [0x00000000d7500000,0x00000000d7500000,0x00000000de100000)
  from space 7680K, 0% used [0x00000000df900000,0x00000000df900000,0x00000000e0080000)
  to   space 8704K, 0% used [0x00000000def80000,0x00000000def80000,0x00000000df800000)
 ParOldGen       total 48128K, used 12705K [0x0000000085e00000, 0x0000000088d00000, 0x00000000d7500000)
  object space 48128K, 26% used [0x0000000085e00000,0x0000000086a68408,0x0000000088d00000)
 Metaspace       used 33128K, capacity 35382K, committed 35496K, reserved 1079296K
  class space    used 4457K, capacity 4895K, committed 4992K, reserved 1048576K
}
Event: 6.787 GC heap before
{Heap before GC invocations=11 (full 2):
 PSYoungGen      total 118272K, used 110592K [0x00000000d7500000, 0x00000000e0080000, 0x0000000100000000)
  eden space 110592K, 100% used [0x00000000d7500000,0x00000000de100000,0x00000000de100000)
  from space 7680K, 0% used [0x00000000df900000,0x00000000df900000,0x00000000e0080000)
  to   space 8704K, 0% used [0x00000000def80000,0x00000000def80000,0x00000000df800000)
 ParOldGen       total 48128K, used 12705K [0x0000000085e00000, 0x0000000088d00000, 0x00000000d7500000)
  object space 48128K, 26% used [0x0000000085e00000,0x0000000086a68408,0x0000000088d00000)
 Metaspace       used 41779K, capacity 44446K, committed 44544K, reserved 1087488K
  class space    used 5632K, capacity 6123K, committed 6144K, reserved 1048576K
Event: 6.795 GC heap after
Heap after GC invocations=11 (full 2):
 PSYoungGen      total 134144K, used 8685K [0x00000000d7500000, 0x00000000e1580000, 0x0000000100000000)
  eden space 125440K, 0% used [0x00000000d7500000,0x00000000d7500000,0x00000000def80000)
  from space 8704K, 99% used [0x00000000def80000,0x00000000df7fb630,0x00000000df800000)
  to   space 11264K, 0% used [0x00000000e0a80000,0x00000000e0a80000,0x00000000e1580000)
 ParOldGen       total 48128K, used 13504K [0x0000000085e00000, 0x0000000088d00000, 0x00000000d7500000)
  object space 48128K, 28% used [0x0000000085e00000,0x0000000086b303e8,0x0000000088d00000)
 Metaspace       used 41779K, capacity 44446K, committed 44544K, reserved 1087488K
  class space    used 5632K, capacity 6123K, committed 6144K, reserved 1048576K
}

Deoptimization events (10 events):
Event: 6.672 Thread 0x00000000032b2800 Uncommon trap: reason=bimorphic action=maybe_recompile pc=0x00000000040950a8 method=java.util.AbstractList$Itr.hasNext()Z @ 8
Event: 6.675 Thread 0x00000000032b2800 Uncommon trap: reason=bimorphic action=maybe_recompile pc=0x00000000040950a8 method=java.util.AbstractList$Itr.hasNext()Z @ 8
Event: 6.676 Thread 0x00000000032b2800 Uncommon trap: reason=bimorphic action=maybe_recompile pc=0x00000000040950a8 method=java.util.AbstractList$Itr.hasNext()Z @ 8
Event: 6.680 Thread 0x00000000032b2800 Uncommon trap: reason=bimorphic action=maybe_recompile pc=0x00000000040950a8 method=java.util.AbstractList$Itr.hasNext()Z @ 8
Event: 6.687 Thread 0x00000000032b2800 Uncommon trap: reason=unstable_if action=reinterpret pc=0x0000000003c1da88 method=org.springframework.util.ObjectUtils.nullSafeEquals(Ljava/lang/Object;Ljava/lang/Object;)Z @ 12
Event: 7.451 Thread 0x00000000032b2800 Uncommon trap: reason=unstable_if action=reinterpret pc=0x0000000004125ca0 method=java.util.concurrent.ConcurrentHashMap.putVal(Ljava/lang/Object;Ljava/lang/Object;Z)Ljava/lang/Object; @ 331
Event: 7.610 Thread 0x00000000032b2800 Uncommon trap: reason=unstable_if action=reinterpret pc=0x0000000003a303fc method=java.util.concurrent.ConcurrentHashMap.transfer([Ljava/util/concurrent/ConcurrentHashMap$Node;[Ljava/util/concurrent/ConcurrentHashMap$Node;)V @ 356
Event: 7.676 Thread 0x00000000032b2800 Uncommon trap: reason=unstable_if action=reinterpret pc=0x0000000003b8e638 method=java.util.Properties$LineReader.readLine()I @ 228
Event: 7.676 Thread 0x00000000032b2800 Uncommon trap: reason=unstable_if action=reinterpret pc=0x0000000003b74304 method=java.util.Properties$LineReader.readLine()I @ 349
Event: 7.685 Thread 0x00000000032b2800 Uncommon trap: reason=unstable_if action=reinterpret pc=0x0000000003a9eef0 method=java.io.WinNTFileSystem.normalize(Ljava/lang/String;)Ljava/lang/String; @ 74

Internal exceptions (10 events):
Event: 7.756 Thread 0x00000000032b2800 Exception <a 'java/lang/ClassNotFoundException': java/lang/ObjectCustomizer> (0x00000000da6398a8) thrown at [C:\re\workspace\8-2-build-windows-amd64-cygwin\jdk8u101\7261\hotspot\src\share\vm\classfile\systemDictionary.cpp, line 210]
Event: 7.756 Thread 0x00000000032b2800 Exception <a 'java/lang/ClassNotFoundException': org/springframework/boot/autoconfigure/web/embedded/TomcatWebServerFactoryCustomizerCustomizer> (0x00000000da668ee8) thrown at [C:\re\workspace\8-2-build-windows-amd64-cygwin\jdk8u101\7261\hotspot\src\share\œT„
Event: 7.757 Thread 0x00000000032b2800 Exception <a 'java/lang/ClassNotFoundException': org/springframework/boot/web/server/WebServerFactoryCustomizerCustomizer> (0x00000000da693610) thrown at [C:\re\workspace\8-2-build-windows-amd64-cygwin\jdk8u101\7261\hotspot\src\share\vm\classfile\systemDicù.ãâÕ@
Event: 7.758 Thread 0x00000000032b2800 Exception <a 'java/lang/ClassNotFoundException': org/springframework/core/OrderedCustomizer> (0x00000000da6acda8) thrown at [C:\re\workspace\8-2-build-windows-amd64-cygwin\jdk8u101\7261\hotspot\src\share\vm\classfile\systemDictionary.cpp, line 210]
Event: 7.760 Thread 0x00000000032b2800 Exception <a 'java/lang/ClassNotFoundException': java/lang/ObjectCustomizer> (0x00000000da6bffa0) thrown at [C:\re\workspace\8-2-build-windows-amd64-cygwin\jdk8u101\7261\hotspot\src\share\vm\classfile\systemDictionary.cpp, line 210]
Event: 7.761 Thread 0x00000000032b2800 Exception <a 'java/lang/ClassNotFoundException': org/springframework/boot/autoconfigure/web/servlet/HttpEncodingAutoConfigurationCustomizer> (0x00000000da6ed858) thrown at [C:\re\workspace\8-2-build-windows-amd64-cygwin\jdk8u101\7261\hotspot\src\share\vm\cÅ ù>ß@
Event: 7.763 Thread 0x00000000032b2800 Exception <a 'java/lang/ClassNotFoundException': java/lang/ObjectCustomizer> (0x00000000da6ffdf0) thrown at [C:\re\workspace\8-2-build-windows-amd64-cygwin\jdk8u101\7261\hotspot\src\share\vm\classfile\systemDictionary.cpp, line 210]
Event: 7.765 Thread 0x00000000032b2800 Exception <a 'java/lang/ClassNotFoundException': org/springframework/boot/autoconfigure/web/servlet/HttpEncodingAutoConfiguration$LocaleCharsetMappingsCustomizerCustomizer> (0x00000000da738b68) thrown at [C:\re\workspace\8-2-build-windows-amd64-cygwin\jdk8æ›≥Æ@
Event: 7.767 Thread 0x00000000032b2800 Exception <a 'java/lang/ClassNotFoundException': org/springframework/boot/web/server/WebServerFactoryCustomizerCustomizer> (0x00000000da7648d0) thrown at [C:\re\workspace\8-2-build-windows-amd64-cygwin\jdk8u101\7261\hotspot\src\share\vm\classfile\systemDic¨yÈÅÍ@
Event: 7.768 Thread 0x00000000032b2800 Exception <a 'java/lang/ClassNotFoundException': org/springframework/core/OrderedCustomizer> (0x00000000da77e068) thrown at [C:\re\workspace\8-2-build-windows-amd64-cygwin\jdk8u101\7261\hotspot\src\share\vm\classfile\systemDictionary.cpp, line 210]

Events (10 events):
Event: 7.785 loading class org/springframework/boot/web/servlet/server/Session
Event: 7.785 loading class org/springframework/boot/web/servlet/server/Session done
Event: 7.785 loading class org/springframework/boot/web/servlet/server/ConfigurableServletWebServerFactory
Event: 7.785 loading class org/springframework/boot/web/servlet/server/ConfigurableServletWebServerFactory done
Event: 7.785 loading class org/springframework/boot/web/server/Ssl
Event: 7.785 loading class org/springframework/boot/web/server/Ssl done
Event: 7.785 loading class org/springframework/boot/web/server/Ssl
Event: 7.785 loading class org/springframework/boot/web/server/Ssl done
Event: 7.785 loading class org/springframework/boot/autoconfigure/web/ServerProperties
Event: 7.785 loading class org/springframework/boot/autoconfigure/web/ServerProperties done


Dynamic libraries:
0x00007ff6c2150000 - 0x00007ff6c2187000 	D:\JAVA\JDK\bin\java.exe
0x00007ffdbfb30000 - 0x00007ffdbfd28000 	C:\WINDOWS\SYSTEM32\ntdll.dll
0x00007ffdbf9a0000 - 0x00007ffdbfa5f000 	C:\WINDOWS\System32\KERNEL32.DLL
0x00007ffdbd600000 - 0x00007ffdbd8da000 	C:\WINDOWS\System32\KERNELBASE.dll
0x00007ffdbdc30000 - 0x00007ffdbdcde000 	C:\WINDOWS\System32\ADVAPI32.dll
0x00007ffdbe820000 - 0x00007ffdbe8be000 	C:\WINDOWS\System32\msvcrt.dll
0x00007ffdbdb90000 - 0x00007ffdbdc2c000 	C:\WINDOWS\System32\sechost.dll
0x00007ffdbf730000 - 0x00007ffdbf856000 	C:\WINDOWS\System32\RPCRT4.dll
0x00007ffdbe920000 - 0x00007ffdbeabd000 	C:\WINDOWS\System32\USER32.dll
0x00007ffdbda60000 - 0x00007ffdbda82000 	C:\WINDOWS\System32\win32u.dll
0x00007ffdbe730000 - 0x00007ffdbe75b000 	C:\WINDOWS\System32\GDI32.dll
0x00007ffdbd8e0000 - 0x00007ffdbd9f0000 	C:\WINDOWS\System32\gdi32full.dll
0x00007ffdbd340000 - 0x00007ffdbd3dd000 	C:\WINDOWS\System32\msvcp_win.dll
0x00007ffdbda90000 - 0x00007ffdbdb90000 	C:\WINDOWS\System32\ucrtbase.dll
0x00007ffdae6e0000 - 0x00007ffdae97a000 	C:\WINDOWS\WinSxS\amd64_microsoft.windows.common-controls_6595b64144ccf1df_6.0.19041.1110_none_60b5254171f9507e\COMCTL32.dll
0x00007ffdbe670000 - 0x00007ffdbe6a0000 	C:\WINDOWS\System32\IMM32.DLL
0x0000000075d00000 - 0x0000000075dd2000 	D:\JAVA\JDK\jre\bin\msvcr100.dll
0x0000000074240000 - 0x0000000074ada000 	D:\JAVA\JDK\jre\bin\server\jvm.dll
0x00007ffdbe6a0000 - 0x00007ffdbe6a8000 	C:\WINDOWS\System32\PSAPI.DLL
0x00007ffdb2760000 - 0x00007ffdb2787000 	C:\WINDOWS\SYSTEM32\WINMM.dll
0x00007ffdb5310000 - 0x00007ffdb531a000 	C:\WINDOWS\SYSTEM32\VERSION.dll
0x00007ffdb8c60000 - 0x00007ffdb8c69000 	C:\WINDOWS\SYSTEM32\WSOCK32.dll
0x00007ffdbe6b0000 - 0x00007ffdbe71b000 	C:\WINDOWS\System32\WS2_32.dll
0x0000000075cf0000 - 0x0000000075cff000 	D:\JAVA\JDK\jre\bin\verify.dll
0x0000000075cc0000 - 0x0000000075ce9000 	D:\JAVA\JDK\jre\bin\java.dll
0x0000000075c90000 - 0x0000000075cb3000 	D:\JAVA\JDK\jre\bin\instrument.dll
0x0000000075c70000 - 0x0000000075c86000 	D:\JAVA\JDK\jre\bin\zip.dll
0x00007ffdbdce0000 - 0x00007ffdbe424000 	C:\WINDOWS\System32\SHELL32.dll
0x00007ffdbb020000 - 0x00007ffdbb7b3000 	C:\WINDOWS\SYSTEM32\windows.storage.dll
0x00007ffdbf3d0000 - 0x00007ffdbf724000 	C:\WINDOWS\System32\combase.dll
0x00007ffdbcbc0000 - 0x00007ffdbcbee000 	C:\WINDOWS\SYSTEM32\Wldp.dll
0x00007ffdbf240000 - 0x00007ffdbf2ed000 	C:\WINDOWS\System32\SHCORE.dll
0x00007ffdbe760000 - 0x00007ffdbe7b5000 	C:\WINDOWS\System32\shlwapi.dll
0x00007ffdbd180000 - 0x00007ffdbd19f000 	C:\WINDOWS\SYSTEM32\profapi.dll
0x00007ffda92f0000 - 0x00007ffda930a000 	D:\idea\IntelliJ IDEA 2019.2.1\bin\breakgen64.dll
0x0000000075c50000 - 0x0000000075c6a000 	D:\JAVA\JDK\jre\bin\net.dll
0x00007ffdbc920000 - 0x00007ffdbc98a000 	C:\WINDOWS\system32\mswsock.dll
0x0000000075c20000 - 0x0000000075c31000 	D:\JAVA\JDK\jre\bin\nio.dll
0x0000000075c40000 - 0x0000000075c4d000 	D:\JAVA\JDK\jre\bin\management.dll
0x00007ffdaa100000 - 0x00007ffdaa117000 	C:\WINDOWS\system32\napinsp.dll
0x00007ffdaa0a0000 - 0x00007ffdaa0bb000 	C:\WINDOWS\system32\pnrpnsp.dll
0x00007ffda9f80000 - 0x00007ffda9f95000 	C:\WINDOWS\system32\wshbth.dll
0x00007ffdb88d0000 - 0x00007ffdb88ed000 	C:\WINDOWS\system32\NLAapi.dll
0x00007ffdbc610000 - 0x00007ffdbc64c000 	C:\WINDOWS\SYSTEM32\IPHLPAPI.DLL
0x00007ffdbc650000 - 0x00007ffdbc71b000 	C:\WINDOWS\SYSTEM32\DNSAPI.dll
0x00007ffdbe720000 - 0x00007ffdbe728000 	C:\WINDOWS\System32\NSI.dll
0x00007ffda9f20000 - 0x00007ffda9f32000 	C:\WINDOWS\System32\winrnr.dll
0x00007ffda8cc0000 - 0x00007ffda8cca000 	C:\Windows\System32\rasadhlp.dll
0x00007ffdae010000 - 0x00007ffdae090000 	C:\WINDOWS\System32\fwpuclnt.dll
0x00007ffdbd540000 - 0x00007ffdbd567000 	C:\WINDOWS\System32\bcrypt.dll
0x00007ffdade30000 - 0x00007ffdade47000 	C:\WINDOWS\SYSTEM32\dhcpcsvc6.DLL
0x00007ffdade60000 - 0x00007ffdade7d000 	C:\WINDOWS\SYSTEM32\dhcpcsvc.DLL
0x00007ffdbcb10000 - 0x00007ffdbcb28000 	C:\WINDOWS\SYSTEM32\CRYPTSP.dll
0x00007ffdbc240000 - 0x00007ffdbc274000 	C:\WINDOWS\system32\rsaenh.dll
0x00007ffdbd140000 - 0x00007ffdbd16e000 	C:\WINDOWS\SYSTEM32\USERENV.dll
0x00007ffdbd570000 - 0x00007ffdbd5f2000 	C:\WINDOWS\System32\bcryptprimitives.dll
0x00007ffdbcb30000 - 0x00007ffdbcb3c000 	C:\WINDOWS\SYSTEM32\CRYPTBASE.dll

VM Arguments:
jvm_args: -ea -Didea.test.cyclic.buffer.size=1048576 -javaagent:D:\idea\IntelliJ IDEA 2019.2.1\lib\idea_rt.jar=56504:D:\idea\IntelliJ IDEA 2019.2.1\bin -Dfile.encoding=UTF-8 
java_command: com.intellij.rt.execution.junit.JUnitStarter -ideVersion5 -junit5 com.congwu.demo.ApplicationTests,contextLoads
java_class_path (initial): D:\idea\IntelliJ IDEA 2019.2.1\lib\idea_rt.jar;D:\idea\IntelliJ IDEA 2019.2.1\plugins\junit\lib\junit-rt.jar;D:\idea\IntelliJ IDEA 2019.2.1\plugins\junit\lib\junit5-rt.jar;E:\maven\apache-maven-3.5.0\apache-maven-3.5.0\repo\org\junit\platform\junit-platform-launcher\1.8.2\junit-platform-launcher-1.8.2.jar;E:\maven\apache-maven-3.5.0\apache-maven-3.5.0\repo\org\junit\platform\junit-platform-engine\1.8.2\junit-platform-engine-1.8.2.jar;E:\maven\apache-maven-3.5.0\apache-maven-3.5.0\repo\org\opentest4j\opentest4j\1.2.0\opentest4j-1.2.0.jar;E:\maven\apache-maven-3.5.0\apache-maven-3.5.0\repo\org\junit\platform\junit-platform-commons\1.8.2\junit-platform-commons-1.8.2.jar;E:\maven\apache-maven-3.5.0\apache-maven-3.5.0\repo\org\apiguardian\apiguardian-api\1.1.2\apiguardian-api-1.1.2.jar;D:\JAVA\JDK\jre\lib\charsets.jar;D:\JAVA\JDK\jre\lib\deploy.jar;D:\JAVA\JDK\jre\lib\ext\access-bridge-64.jar;D:\JAVA\JDK\jre\lib\ext\cldrdata.jar;D:\JAVA\JDK\jre\lib\ext\dnsns.jar;D:\JAVA\JDK\jre\lib\ext\jaccess.jar;D:\JAVA\JDK\jre\lib\ext\jfxrt.jar;D:\JAVA\JDK\jre\lib\ext\localedata.jar;D:\JAVA\JDK\jre\lib\ext\nashorn.jar;D:\JAVA\JDK\jre\lib\ext\sunec.jar;D:\JAVA\JDK\jre\lib\ext\sunjce_provider.jar;D:\JAVA\JDK\jre\lib\ext\sunmscapi.jar;D:\JAVA\JDK\jre\lib\ext\sunpkcs11.jar;D:\JAVA\JDK\jre\lib\ext\zipfs.jar;D:\JAVA\JDK\jre\lib\javaws.jar;D:\JAVA\JDK\jre\lib\jce.jar;D:\JAVA\JDK\jre\lib\jfr.jar;D:\JAVA\JDK\jre\lib\jfxswt.jar;D:\JAVA\JDK\jre\lib\jsse.jar;D:\JAVA\JDK\jre\lib\management-agent.jar;D:\JAVA\JDK\jre\lib\plugin.jar;D:\JAVA\JDK\jre\lib\resources.jar;D:\JAVA\JDK\jre\lib\rt.jar;D:\IdeaProjects\spring-shangc\target\test-classes;D:\IdeaProjects\spring-shangc\target\classes;E:\maven\apache-maven-3.5.0\apache-maven-3.5.0\repo\org\springframework\boot\spring-boot-starter-security\2.7.6\spring-boot-starter-security-2.7.6.jar;E:\maven\apache-maven-3.5.0\apache-maven-3.5.0\repo\org\springframework\boot\spring-boot-starter\2.7.6\spring-boot-starter-2.7.6.jar;E:\mave
Launcher Type: SUN_STANDARD

Environment Variables:
JAVA_HOME=D:\JAVA\
PATH=C:\ProgramData\Oracle\Java\javapath;D:\oracle\app\oracle\product\11.2.0\server\bin;C:\WINDOWS\system32;C:\WINDOWS;C:\WINDOWS\System32\Wbem;C:\WINDOWS\System32\WindowsPowerShell\v1.0\;C:\WINDOWS\System32\OpenSSH\;D:\JAVA\\JRE\bin;D:\JAVA\\JDK\bin;C:\Users\Administrator\AppData\Local\Programs\Python\Python36;D:\ct\apache-tomcat-8.0.52\bin;C:\Program Files\Microsoft SQL Server\130\Tools\Binn\;C:\Program Files\dotnet\;C:\Program Files\Microsoft SQL Server\Client SDK\ODBC\170\Tools\Binn\;C:\Program Files (x86)\dotnet\;D:\Back end\node\;C:\Users\Administrator\AppData\Local\Programs\Python\Python36\Scripts\;C:\Users\Administrator\AppData\Local\Programs\Python\Python36\;C:\Users\Administrator\AppData\Local\Microsoft\WindowsApps;D:\visual studio\bin;C:\mingw64\bin;C:\Users\Administrator\.dotnet\tools;C:\Users\Administrator\AppData\Roaming\npm
USERNAME=Administrator
OS=Windows_NT
PROCESSOR_IDENTIFIER=AMD64 Family 23 Model 17 Stepping 0, AuthenticAMD



---------------  S Y S T E M  ---------------

OS: Windows 10.0 , 64 bit Build 19041 (10.0.19041.2788)

CPU:total 8 (8 cores per cpu, 1 threads per core) family 23 model 17 stepping 0, cmov, cx8, fxsr, mmx, sse, sse2, sse3, ssse3, sse4.1, sse4.2, popcnt, avx, avx2, aes, clmul, mmxext, 3dnowpref, lzcnt, sse4a, tsc, tscinvbit, tscinv, bmi1

Memory: 4k page, physical 7998076k(1259312k free), swap 12926648k(8856k free)

vm_info: Java HotSpot(TM) 64-Bit Server VM (25.101-b13) for windows-amd64 JRE (1.8.0_101-b13), built on Jun 22 2016 01:21:29 by "java_re" with MS VC++ 10.0 (VS2010)

time: Mon May 15 23:22:56 2023
elapsed time: 7 seconds (0d 0h 0m 7s)

