#
# There is insufficient memory for the Java Runtime Environment to continue.
# Native memory allocation (malloc) failed to allocate 822176 bytes for Chunk::new
# Possible reasons:
#   The system is out of physical RAM or swap space
#   In 32 bit mode, the process size limit was hit
# Possible solutions:
#   Reduce memory load on the system
#   Increase physical memory or swap space
#   Check if swap backing store is full
#   Use 64 bit Java on a 64 bit OS
#   Decrease Java heap size (-Xmx/-Xms)
#   Decrease number of Java threads
#   Decrease Java thread stack sizes (-Xss)
#   Set larger code cache with -XX:ReservedCodeCacheSize=
# This output file may be truncated or incomplete.
#
#  Out of Memory Error (allocation.cpp:390), pid=9384, tid=0x0000000000000ce0
#
# JRE version: Java(TM) SE Runtime Environment (8.0_101-b13) (build 1.8.0_101-b13)
# Java VM: Java HotSpot(TM) 64-Bit Server VM (25.101-b13 mixed mode windows-amd64 compressed oops)
# Failed to write core dump. Minidumps are not enabled by default on client versions of Windows
#

---------------  T H R E A D  ---------------

Current thread (0x000000001a336000):  JavaThread "C2 CompilerThread1" daemon [_thread_in_native, id=3296, stack(0x000000001abe0000,0x000000001ace0000)]

Stack: [0x000000001abe0000,0x000000001ace0000]
[error occurred during error reporting (printing stack bounds), id 0xc0000005]

Native frames: (J=compiled Java code, j=interpreted, Vv=VM code, C=native code)


Current CompileTask:
C2:   9435 4182       4       org.springframework.beans.factory.support.AbstractBeanFactory::isTypeMatch (607 bytes)


---------------  P R O C E S S  ---------------

Java Threads: ( => current thread )
  0x000000001b89c800 JavaThread "lettuce-timer-3-1" daemon [_thread_blocked, id=14528, stack(0x00000000215d0000,0x00000000216d0000)]
  0x000000002031c000 JavaThread "mysql-cj-abandoned-connection-cleanup" daemon [_thread_blocked, id=5524, stack(0x000000001e130000,0x000000001e230000)]
  0x000000001a360000 JavaThread "Service Thread" daemon [_thread_blocked, id=2736, stack(0x000000001aee0000,0x000000001afe0000)]
  0x000000001a345000 JavaThread "C1 CompilerThread3" daemon [_thread_blocked, id=12488, stack(0x000000001ade0000,0x000000001aee0000)]
  0x000000001a33c000 JavaThread "C2 CompilerThread2" daemon [_thread_in_vm, id=15200, stack(0x000000001ace0000,0x000000001ade0000)]
=>0x000000001a336000 JavaThread "C2 CompilerThread1" daemon [_thread_in_native, id=3296, stack(0x000000001abe0000,0x000000001ace0000)]
  0x000000001a333000 JavaThread "C2 CompilerThread0" daemon [_thread_in_native, id=11388, stack(0x000000001aae0000,0x000000001abe0000)]
  0x000000001a32f000 JavaThread "Monitor Ctrl-Break" daemon [_thread_in_native, id=10176, stack(0x000000001a9e0000,0x000000001aae0000)]
  0x000000001a315800 JavaThread "Attach Listener" daemon [_thread_blocked, id=1284, stack(0x000000001a8e0000,0x000000001a9e0000)]
  0x000000001a2bf000 JavaThread "Signal Dispatcher" daemon [_thread_blocked, id=12028, stack(0x000000001a7e0000,0x000000001a8e0000)]
  0x000000001a2a0800 JavaThread "Finalizer" daemon [_thread_blocked, id=15044, stack(0x000000001a680000,0x000000001a780000)]
  0x000000000356d000 JavaThread "Reference Handler" daemon [_thread_blocked, id=14100, stack(0x000000001a180000,0x000000001a280000)]
  0x0000000003472800 JavaThread "main" [_thread_in_Java, id=13012, stack(0x0000000002f80000,0x0000000003080000)]

Other Threads:
  0x00000000183aa000 VMThread [stack: 0x000000001a080000,0x000000001a180000] [id=8252]
  0x000000001a457000 WatcherThread [stack: 0x000000001afe0000,0x000000001b0e0000] [id=13368]

VM state:not at safepoint (normal execution)

VM Mutex/Monitor currently owned by a thread: None

Heap:
 PSYoungGen      total 137216K, used 133669K [0x00000000d7500000, 0x00000000e1880000, 0x0000000100000000)
  eden space 125440K, 97% used [0x00000000d7500000,0x00000000dec8c548,0x00000000def80000)
  from space 11776K, 95% used [0x00000000e0d00000,0x00000000e17fd090,0x00000000e1880000)
  to   space 8704K, 0% used [0x00000000def80000,0x00000000def80000,0x00000000df800000)
 ParOldGen       total 72704K, used 13784K [0x0000000085e00000, 0x000000008a500000, 0x00000000d7500000)
  object space 72704K, 18% used [0x0000000085e00000,0x0000000086b76248,0x000000008a500000)
 Metaspace       used 49679K, capacity 53230K, committed 53248K, reserved 1095680K
  class space    used 6792K, capacity 7418K, committed 7424K, reserved 1048576K

Card table byte_map: [0x0000000012a60000,0x0000000012e40000] byte_map_base: 0x0000000012631000

Marking Bits: (ParMarkBitMap*) 0x0000000074a5a6d0
 Begin Bits: [0x00000000138d0000, 0x0000000015758000)
 End Bits:   [0x0000000015758000, 0x00000000175e0000)

Polling page: 0x0000000001210000

CodeCache: size=245760Kb used=16133Kb max_used=16142Kb free=229626Kb
 bounds [0x00000000036a0000, 0x0000000004670000, 0x00000000126a0000]
 total_blobs=4649 nmethods=4164 adapters=398
 compilation: enabled

Compilation events (10 events):
Event: 9.348 Thread 0x000000001a345000 nmethod 4180 0x0000000004635850 code [0x0000000004635aa0, 0x0000000004636a78]
Event: 9.348 Thread 0x000000001a345000 4181       1       org.mockito.internal.configuration.plugins.PluginRegistry::getMockResolvers (5 bytes)
Event: 9.348 Thread 0x000000001a345000 nmethod 4181 0x0000000004639690 code [0x00000000046397e0, 0x00000000046398f0]
Event: 9.361 Thread 0x000000001a33c000 4183       4       java.lang.Exception::<init> (7 bytes)
Event: 9.363 Thread 0x000000001a33c000 nmethod 4183 0x0000000004638f90 code [0x0000000004639100, 0x00000000046394c8]
Event: 9.365 Thread 0x000000001a345000 4184       3       java.nio.charset.CharsetDecoder::implReset (1 bytes)
Event: 9.366 Thread 0x000000001a345000 nmethod 4184 0x0000000004662e10 code [0x0000000004662f60, 0x00000000046630b0]
Event: 9.366 Thread 0x000000001a33c000 4185       4       java.lang.ClassLoader::defineClass (43 bytes)
Event: 9.389 Thread 0x000000001a33c000 nmethod 4185 0x0000000004665710 code [0x0000000004665900, 0x00000000046667a0]
Event: 9.389 Thread 0x000000001a33c000 4189   !   4       sun.misc.Resource::getBytes (242 bytes)

GC Heap History (10 events):
Event: 3.793 GC heap before
{Heap before GC invocations=8 (full 1):
 PSYoungGen      total 119808K, used 119503K [0x00000000d7500000, 0x00000000e0080000, 0x0000000100000000)
  eden space 112128K, 100% used [0x00000000d7500000,0x00000000de280000,0x00000000de280000)
  from space 7680K, 96% used [0x00000000df900000,0x00000000e0033cc0,0x00000000e0080000)
  to   space 8704K, 0% used [0x00000000def80000,0x00000000def80000,0x00000000df800000)
 ParOldGen       total 47104K, used 5728K [0x0000000085e00000, 0x0000000088c00000, 0x00000000d7500000)
  object space 47104K, 12% used [0x0000000085e00000,0x00000000863980e0,0x0000000088c00000)
 Metaspace       used 30489K, capacity 32578K, committed 32896K, reserved 1077248K
  class space    used 3987K, capacity 4367K, committed 4480K, reserved 1048576K
Event: 3.804 GC heap after
Heap after GC invocations=8 (full 1):
 PSYoungGen      total 120832K, used 8696K [0x00000000d7500000, 0x00000000e0080000, 0x0000000100000000)
  eden space 112128K, 0% used [0x00000000d7500000,0x00000000d7500000,0x00000000de280000)
  from space 8704K, 99% used [0x00000000def80000,0x00000000df7fe3c0,0x00000000df800000)
  to   space 7680K, 0% used [0x00000000df900000,0x00000000df900000,0x00000000e0080000)
 ParOldGen       total 47104K, used 7728K [0x0000000085e00000, 0x0000000088c00000, 0x00000000d7500000)
  object space 47104K, 16% used [0x0000000085e00000,0x000000008658c398,0x0000000088c00000)
 Metaspace       used 30489K, capacity 32578K, committed 32896K, reserved 1077248K
  class space    used 3987K, capacity 4367K, committed 4480K, reserved 1048576K
}
Event: 4.306 GC heap before
{Heap before GC invocations=9 (full 1):
 PSYoungGen      total 120832K, used 55458K [0x00000000d7500000, 0x00000000e0080000, 0x0000000100000000)
  eden space 112128K, 41% used [0x00000000d7500000,0x00000000da2aa4f0,0x00000000de280000)
  from space 8704K, 99% used [0x00000000def80000,0x00000000df7fe3c0,0x00000000df800000)
  to   space 7680K, 0% used [0x00000000df900000,0x00000000df900000,0x00000000e0080000)
 ParOldGen       total 47104K, used 7728K [0x0000000085e00000, 0x0000000088c00000, 0x00000000d7500000)
  object space 47104K, 16% used [0x0000000085e00000,0x000000008658c398,0x0000000088c00000)
 Metaspace       used 33131K, capacity 35378K, committed 35496K, reserved 1079296K
  class space    used 4458K, capacity 4895K, committed 4992K, reserved 1048576K
Event: 4.314 GC heap after
Heap after GC invocations=9 (full 1):
 PSYoungGen      total 119808K, used 7678K [0x00000000d7500000, 0x00000000e0080000, 0x0000000100000000)
  eden space 112128K, 0% used [0x00000000d7500000,0x00000000d7500000,0x00000000de280000)
  from space 7680K, 99% used [0x00000000df900000,0x00000000e007f8f8,0x00000000e0080000)
  to   space 8704K, 0% used [0x00000000def80000,0x00000000def80000,0x00000000df800000)
 ParOldGen       total 47104K, used 8174K [0x0000000085e00000, 0x0000000088c00000, 0x00000000d7500000)
  object space 47104K, 17% used [0x0000000085e00000,0x00000000865fb9a8,0x0000000088c00000)
 Metaspace       used 33131K, capacity 35378K, committed 35496K, reserved 1079296K
  class space    used 4458K, capacity 4895K, committed 4992K, reserved 1048576K
}
Event: 4.314 GC heap before
{Heap before GC invocations=10 (full 2):
 PSYoungGen      total 119808K, used 7678K [0x00000000d7500000, 0x00000000e0080000, 0x0000000100000000)
  eden space 112128K, 0% used [0x00000000d7500000,0x00000000d7500000,0x00000000de280000)
  from space 7680K, 99% used [0x00000000df900000,0x00000000e007f8f8,0x00000000e0080000)
  to   space 8704K, 0% used [0x00000000def80000,0x00000000def80000,0x00000000df800000)
 ParOldGen       total 47104K, used 8174K [0x0000000085e00000, 0x0000000088c00000, 0x00000000d7500000)
  object space 47104K, 17% used [0x0000000085e00000,0x00000000865fb9a8,0x0000000088c00000)
 Metaspace       used 33131K, capacity 35378K, committed 35496K, reserved 1079296K
  class space    used 4458K, capacity 4895K, committed 4992K, reserved 1048576K
Event: 4.398 GC heap after
Heap after GC invocations=10 (full 2):
 PSYoungGen      total 119808K, used 0K [0x00000000d7500000, 0x00000000e0080000, 0x0000000100000000)
  eden space 112128K, 0% used [0x00000000d7500000,0x00000000d7500000,0x00000000de280000)
  from space 7680K, 0% used [0x00000000df900000,0x00000000df900000,0x00000000e0080000)
  to   space 8704K, 0% used [0x00000000def80000,0x00000000def80000,0x00000000df800000)
 ParOldGen       total 72704K, used 12754K [0x0000000085e00000, 0x000000008a500000, 0x00000000d7500000)
  object space 72704K, 17% used [0x0000000085e00000,0x0000000086a74898,0x000000008a500000)
 Metaspace       used 33131K, capacity 35378K, committed 35496K, reserved 1079296K
  class space    used 4458K, capacity 4895K, committed 4992K, reserved 1048576K
}
Event: 6.671 GC heap before
{Heap before GC invocations=11 (full 2):
 PSYoungGen      total 119808K, used 112128K [0x00000000d7500000, 0x00000000e0080000, 0x0000000100000000)
  eden space 112128K, 100% used [0x00000000d7500000,0x00000000de280000,0x00000000de280000)
  from space 7680K, 0% used [0x00000000df900000,0x00000000df900000,0x00000000e0080000)
  to   space 8704K, 0% used [0x00000000def80000,0x00000000def80000,0x00000000df800000)
 ParOldGen       total 72704K, used 12754K [0x0000000085e00000, 0x000000008a500000, 0x00000000d7500000)
  object space 72704K, 17% used [0x0000000085e00000,0x0000000086a74898,0x000000008a500000)
 Metaspace       used 42077K, capacity 44714K, committed 44928K, reserved 1087488K
  class space    used 5671K, capacity 6165K, committed 6272K, reserved 1048576K
Event: 6.679 GC heap after
Heap after GC invocations=11 (full 2):
 PSYoungGen      total 134144K, used 8697K [0x00000000d7500000, 0x00000000e1880000, 0x0000000100000000)
  eden space 125440K, 0% used [0x00000000d7500000,0x00000000d7500000,0x00000000def80000)
  from space 8704K, 99% used [0x00000000def80000,0x00000000df7fe7f8,0x00000000df800000)
  to   space 11776K, 0% used [0x00000000e0d00000,0x00000000e0d00000,0x00000000e1880000)
 ParOldGen       total 72704K, used 13776K [0x0000000085e00000, 0x000000008a500000, 0x00000000d7500000)
  object space 72704K, 18% used [0x0000000085e00000,0x0000000086b74248,0x000000008a500000)
 Metaspace       used 42077K, capacity 44714K, committed 44928K, reserved 1087488K
  class space    used 5671K, capacity 6165K, committed 6272K, reserved 1048576K
}
Event: 8.266 GC heap before
{Heap before GC invocations=12 (full 2):
 PSYoungGen      total 134144K, used 134137K [0x00000000d7500000, 0x00000000e1880000, 0x0000000100000000)
  eden space 125440K, 100% used [0x00000000d7500000,0x00000000def80000,0x00000000def80000)
  from space 8704K, 99% used [0x00000000def80000,0x00000000df7fe7f8,0x00000000df800000)
  to   space 11776K, 0% used [0x00000000e0d00000,0x00000000e0d00000,0x00000000e1880000)
 ParOldGen       total 72704K, used 13776K [0x0000000085e00000, 0x000000008a500000, 0x00000000d7500000)
  object space 72704K, 18% used [0x0000000085e00000,0x0000000086b74248,0x000000008a500000)
 Metaspace       used 45327K, capacity 48600K, committed 48768K, reserved 1091584K
  class space    used 6152K, capacity 6738K, committed 6784K, reserved 1048576K
Event: 8.277 GC heap after
Heap after GC invocations=12 (full 2):
 PSYoungGen      total 137216K, used 11252K [0x00000000d7500000, 0x00000000e1880000, 0x0000000100000000)
  eden space 125440K, 0% used [0x00000000d7500000,0x00000000d7500000,0x00000000def80000)
  from space 11776K, 95% used [0x00000000e0d00000,0x00000000e17fd090,0x00000000e1880000)
  to   space 8704K, 0% used [0x00000000def80000,0x00000000def80000,0x00000000df800000)
 ParOldGen       total 72704K, used 13784K [0x0000000085e00000, 0x000000008a500000, 0x00000000d7500000)
  object space 72704K, 18% used [0x0000000085e00000,0x0000000086b76248,0x000000008a500000)
 Metaspace       used 45327K, capacity 48600K, committed 48768K, reserved 1091584K
  class space    used 6152K, capacity 6738K, committed 6784K, reserved 1048576K
}

Deoptimization events (10 events):
Event: 8.476 Thread 0x0000000003472800 Uncommon trap: reason=class_check action=maybe_recompile pc=0x0000000003b980fc method=org.springframework.boot.context.properties.source.ConfigurationPropertyName$Elements.charAt(II)C @ 43
Event: 8.585 Thread 0x0000000003472800 Uncommon trap: reason=unstable_if action=reinterpret pc=0x0000000003fd5580 method=org.springframework.beans.factory.support.AbstractAutowireCapableBeanFactory.determineTargetType(Ljava/lang/String;Lorg/springframework/beans/factory/support/RootBeanDefiniti~ñù4√D!@
Event: 8.634 Thread 0x0000000003472800 Uncommon trap: reason=bimorphic action=maybe_recompile pc=0x000000000403bb0c method=java.util.Collections$SetFromMap.contains(Ljava/lang/Object;)Z @ 5
Event: 8.635 Thread 0x0000000003472800 Uncommon trap: reason=bimorphic action=maybe_recompile pc=0x000000000403bb0c method=java.util.Collections$SetFromMap.contains(Ljava/lang/Object;)Z @ 5
Event: 8.636 Thread 0x0000000003472800 Uncommon trap: reason=bimorphic action=maybe_recompile pc=0x000000000403bb0c method=java.util.Collections$SetFromMap.contains(Ljava/lang/Object;)Z @ 5
Event: 8.691 Thread 0x0000000003472800 Uncommon trap: reason=unstable_if action=reinterpret pc=0x00000000044e8b14 method=java.lang.reflect.Modifier.toString(I)Ljava/lang/String; @ 11
Event: 8.821 Thread 0x0000000003472800 Uncommon trap: reason=unstable_if action=reinterpret pc=0x0000000003f3de60 method=org.springframework.beans.factory.support.AbstractBeanDefinition.isLazyInit()Z @ 14
Event: 8.877 Thread 0x0000000003472800 Uncommon trap: reason=unstable_if action=reinterpret pc=0x0000000003de8234 method=java.util.LinkedHashMap.get(Ljava/lang/Object;)Ljava/lang/Object; @ 20
Event: 8.933 Thread 0x0000000003472800 Uncommon trap: reason=predicate action=maybe_recompile pc=0x0000000003bca19c method=java.lang.String.regionMatches(ZILjava/lang/String;II)Z @ 63
Event: 9.037 Thread 0x0000000003472800 Uncommon trap: reason=unstable_if action=reinterpret pc=0x0000000003c83e34 method=java.lang.ClassLoader.getClassLoadingLock(Ljava/lang/String;)Ljava/lang/Object; @ 6

Internal exceptions (10 events):
Event: 8.815 Thread 0x0000000003472800 Exception <a 'java/lang/ClassNotFoundException': org/springframework/beans/factory/AwareCustomizer> (0x00000000dbe542e0) thrown at [C:\re\workspace\8-2-build-windows-amd64-cygwin\jdk8u101\7261\hotspot\src\share\vm\classfile\systemDictionary.cpp, line 210]
Event: 8.816 Thread 0x0000000003472800 Exception <a 'java/lang/ClassNotFoundException': org/springframework/beans/factory/InitializingBeanCustomizer> (0x00000000dbe74110) thrown at [C:\re\workspace\8-2-build-windows-amd64-cygwin\jdk8u101\7261\hotspot\src\share\vm\classfile\systemDictionary.cpp,¸J1QŒ°!@
Event: 8.816 Thread 0x0000000003472800 Exception <a 'java/lang/ClassNotFoundException': org/springframework/beans/factory/DisposableBeanCustomizer> (0x00000000dbe931f0) thrown at [C:\re\workspace\8-2-build-windows-amd64-cygwin\jdk8u101\7261\hotspot\src\share\vm\classfile\systemDictionary.cpp, l*‡ûÁO£!@
Event: 8.819 Thread 0x0000000003472800 Exception <a 'java/lang/ClassNotFoundException': java/lang/ObjectCustomizer> (0x00000000dbec9ad8) thrown at [C:\re\workspace\8-2-build-windows-amd64-cygwin\jdk8u101\7261\hotspot\src\share\vm\classfile\systemDictionary.cpp, line 210]
Event: 8.820 Thread 0x0000000003472800 Exception <a 'java/lang/ClassNotFoundException': org/springframework/web/multipart/support/StandardServletMultipartResolverCustomizer> (0x00000000dbef5ae0) thrown at [C:\re\workspace\8-2-build-windows-amd64-cygwin\jdk8u101\7261\hotspot\src\share\vm\classfi6ÅŸÛ£!@
Event: 8.820 Thread 0x0000000003472800 Exception <a 'java/lang/ClassNotFoundException': org/springframework/web/multipart/MultipartResolverCustomizer> (0x00000000dbf1c858) thrown at [C:\re\workspace\8-2-build-windows-amd64-cygwin\jdk8u101\7261\hotspot\src\share\vm\classfile\systemDictionary.cpp˚Ÿ~Ë8¡!@
Event: 8.877 Thread 0x0000000003472800 Exception <a 'java/lang/ClassNotFoundException': java/lang/ObjectCustomizer> (0x00000000dc278108) thrown at [C:\re\workspace\8-2-build-windows-amd64-cygwin\jdk8u101\7261\hotspot\src\share\vm\classfile\systemDictionary.cpp, line 210]
Event: 8.878 Thread 0x0000000003472800 Exception <a 'java/lang/ClassNotFoundException': com/congwu/demo/ApplicationTestsCustomizer> (0x00000000dc293c28) thrown at [C:\re\workspace\8-2-build-windows-amd64-cygwin\jdk8u101\7261\hotspot\src\share\vm\classfile\systemDictionary.cpp, line 210]
Event: 8.998 Thread 0x0000000003472800 Exception <a 'java/lang/ClassNotFoundException': java/lang/Module> (0x00000000dc7e9688) thrown at [C:\re\workspace\8-2-build-windows-amd64-cygwin\jdk8u101\7261\hotspot\src\share\vm\classfile\systemDictionary.cpp, line 210]
Event: 9.047 Thread 0x0000000003472800 Exception <a 'java/lang/ClassNotFoundException': java/lang/Module> (0x00000000dcaec330) thrown at [C:\re\workspace\8-2-build-windows-amd64-cygwin\jdk8u101\7261\hotspot\src\share\vm\classfile\systemDictionary.cpp, line 210]

Events (10 events):
Event: 9.425 loading class io/lettuce/core/GeoRadiusStoreArgs
Event: 9.425 loading class io/lettuce/core/GeoRadiusStoreArgs done
Event: 9.426 loading class io/lettuce/core/GeoSearch$GeoRef
Event: 9.426 loading class io/lettuce/core/GeoSearch$GeoRef done
Event: 9.427 loading class io/lettuce/core/GeoSearch$GeoPredicate
Event: 9.427 loading class io/lettuce/core/GeoSearch$GeoPredicate done
Event: 9.428 loading class io/lettuce/core/GeoAddArgs
Event: 9.428 loading class io/lettuce/core/GeoAddArgs done
Event: 9.428 loading class io/lettuce/core/GeoValue
Event: 9.428 loading class io/lettuce/core/GeoValue done


Dynamic libraries:
0x00007ff6c2150000 - 0x00007ff6c2187000 	D:\JAVA\JDK\bin\java.exe
0x00007ffdbfb30000 - 0x00007ffdbfd28000 	C:\WINDOWS\SYSTEM32\ntdll.dll
0x00007ffdbf9a0000 - 0x00007ffdbfa5f000 	C:\WINDOWS\System32\KERNEL32.DLL
0x00007ffdbd600000 - 0x00007ffdbd8da000 	C:\WINDOWS\System32\KERNELBASE.dll
0x00007ffdbdc30000 - 0x00007ffdbdcde000 	C:\WINDOWS\System32\ADVAPI32.dll
0x00007ffdbe820000 - 0x00007ffdbe8be000 	C:\WINDOWS\System32\msvcrt.dll
0x00007ffdbdb90000 - 0x00007ffdbdc2c000 	C:\WINDOWS\System32\sechost.dll
0x00007ffdbf730000 - 0x00007ffdbf856000 	C:\WINDOWS\System32\RPCRT4.dll
0x00007ffdbe920000 - 0x00007ffdbeabd000 	C:\WINDOWS\System32\USER32.dll
0x00007ffdbda60000 - 0x00007ffdbda82000 	C:\WINDOWS\System32\win32u.dll
0x00007ffdbe730000 - 0x00007ffdbe75b000 	C:\WINDOWS\System32\GDI32.dll
0x00007ffdbd8e0000 - 0x00007ffdbd9f0000 	C:\WINDOWS\System32\gdi32full.dll
0x00007ffdbd340000 - 0x00007ffdbd3dd000 	C:\WINDOWS\System32\msvcp_win.dll
0x00007ffdbda90000 - 0x00007ffdbdb90000 	C:\WINDOWS\System32\ucrtbase.dll
0x00007ffdae6e0000 - 0x00007ffdae97a000 	C:\WINDOWS\WinSxS\amd64_microsoft.windows.common-controls_6595b64144ccf1df_6.0.19041.1110_none_60b5254171f9507e\COMCTL32.dll
0x00007ffdbe670000 - 0x00007ffdbe6a0000 	C:\WINDOWS\System32\IMM32.DLL
0x0000000075d00000 - 0x0000000075dd2000 	D:\JAVA\JDK\jre\bin\msvcr100.dll
0x0000000074240000 - 0x0000000074ada000 	D:\JAVA\JDK\jre\bin\server\jvm.dll
0x00007ffdbe6a0000 - 0x00007ffdbe6a8000 	C:\WINDOWS\System32\PSAPI.DLL
0x00007ffdb2760000 - 0x00007ffdb2787000 	C:\WINDOWS\SYSTEM32\WINMM.dll
0x00007ffdb5310000 - 0x00007ffdb531a000 	C:\WINDOWS\SYSTEM32\VERSION.dll
0x00007ffdb8c60000 - 0x00007ffdb8c69000 	C:\WINDOWS\SYSTEM32\WSOCK32.dll
0x00007ffdbe6b0000 - 0x00007ffdbe71b000 	C:\WINDOWS\System32\WS2_32.dll
0x0000000075cf0000 - 0x0000000075cff000 	D:\JAVA\JDK\jre\bin\verify.dll
0x0000000075cc0000 - 0x0000000075ce9000 	D:\JAVA\JDK\jre\bin\java.dll
0x0000000075c90000 - 0x0000000075cb3000 	D:\JAVA\JDK\jre\bin\instrument.dll
0x0000000075c70000 - 0x0000000075c86000 	D:\JAVA\JDK\jre\bin\zip.dll
0x00007ffdbdce0000 - 0x00007ffdbe424000 	C:\WINDOWS\System32\SHELL32.dll
0x00007ffdbb020000 - 0x00007ffdbb7b3000 	C:\WINDOWS\SYSTEM32\windows.storage.dll
0x00007ffdbf3d0000 - 0x00007ffdbf724000 	C:\WINDOWS\System32\combase.dll
0x00007ffdbcbc0000 - 0x00007ffdbcbee000 	C:\WINDOWS\SYSTEM32\Wldp.dll
0x00007ffdbf240000 - 0x00007ffdbf2ed000 	C:\WINDOWS\System32\SHCORE.dll
0x00007ffdbe760000 - 0x00007ffdbe7b5000 	C:\WINDOWS\System32\shlwapi.dll
0x00007ffdbd180000 - 0x00007ffdbd19f000 	C:\WINDOWS\SYSTEM32\profapi.dll
0x00007ffda92f0000 - 0x00007ffda930a000 	D:\idea\IntelliJ IDEA 2019.2.1\bin\breakgen64.dll
0x0000000075c50000 - 0x0000000075c6a000 	D:\JAVA\JDK\jre\bin\net.dll
0x00007ffdbc920000 - 0x00007ffdbc98a000 	C:\WINDOWS\system32\mswsock.dll
0x0000000075c20000 - 0x0000000075c31000 	D:\JAVA\JDK\jre\bin\nio.dll
0x0000000075c40000 - 0x0000000075c4d000 	D:\JAVA\JDK\jre\bin\management.dll
0x00007ffdaa100000 - 0x00007ffdaa117000 	C:\WINDOWS\system32\napinsp.dll
0x00007ffdaa0a0000 - 0x00007ffdaa0bb000 	C:\WINDOWS\system32\pnrpnsp.dll
0x00007ffda9f80000 - 0x00007ffda9f95000 	C:\WINDOWS\system32\wshbth.dll
0x00007ffdb88d0000 - 0x00007ffdb88ed000 	C:\WINDOWS\system32\NLAapi.dll
0x00007ffdbc610000 - 0x00007ffdbc64c000 	C:\WINDOWS\SYSTEM32\IPHLPAPI.DLL
0x00007ffdbc650000 - 0x00007ffdbc71b000 	C:\WINDOWS\SYSTEM32\DNSAPI.dll
0x00007ffdbe720000 - 0x00007ffdbe728000 	C:\WINDOWS\System32\NSI.dll
0x00007ffda9f20000 - 0x00007ffda9f32000 	C:\WINDOWS\System32\winrnr.dll
0x00007ffda8cc0000 - 0x00007ffda8cca000 	C:\Windows\System32\rasadhlp.dll
0x00007ffdae010000 - 0x00007ffdae090000 	C:\WINDOWS\System32\fwpuclnt.dll
0x00007ffdbd540000 - 0x00007ffdbd567000 	C:\WINDOWS\System32\bcrypt.dll
0x00007ffdade30000 - 0x00007ffdade47000 	C:\WINDOWS\SYSTEM32\dhcpcsvc6.DLL
0x00007ffdade60000 - 0x00007ffdade7d000 	C:\WINDOWS\SYSTEM32\dhcpcsvc.DLL
0x00007ffdbcb10000 - 0x00007ffdbcb28000 	C:\WINDOWS\SYSTEM32\CRYPTSP.dll
0x00007ffdbc240000 - 0x00007ffdbc274000 	C:\WINDOWS\system32\rsaenh.dll
0x00007ffdbd140000 - 0x00007ffdbd16e000 	C:\WINDOWS\SYSTEM32\USERENV.dll
0x00007ffdbd570000 - 0x00007ffdbd5f2000 	C:\WINDOWS\System32\bcryptprimitives.dll
0x00007ffdbcb30000 - 0x00007ffdbcb3c000 	C:\WINDOWS\SYSTEM32\CRYPTBASE.dll

VM Arguments:
jvm_args: -ea -Didea.test.cyclic.buffer.size=1048576 -javaagent:D:\idea\IntelliJ IDEA 2019.2.1\lib\idea_rt.jar=50518:D:\idea\IntelliJ IDEA 2019.2.1\bin -Dfile.encoding=UTF-8 
java_command: com.intellij.rt.execution.junit.JUnitStarter -ideVersion5 -junit5 com.congwu.demo.ApplicationTests,contextLoads
java_class_path (initial): D:\idea\IntelliJ IDEA 2019.2.1\lib\idea_rt.jar;D:\idea\IntelliJ IDEA 2019.2.1\plugins\junit\lib\junit-rt.jar;D:\idea\IntelliJ IDEA 2019.2.1\plugins\junit\lib\junit5-rt.jar;E:\maven\apache-maven-3.5.0\apache-maven-3.5.0\repo\org\junit\platform\junit-platform-launcher\1.8.2\junit-platform-launcher-1.8.2.jar;E:\maven\apache-maven-3.5.0\apache-maven-3.5.0\repo\org\junit\platform\junit-platform-engine\1.8.2\junit-platform-engine-1.8.2.jar;E:\maven\apache-maven-3.5.0\apache-maven-3.5.0\repo\org\opentest4j\opentest4j\1.2.0\opentest4j-1.2.0.jar;E:\maven\apache-maven-3.5.0\apache-maven-3.5.0\repo\org\junit\platform\junit-platform-commons\1.8.2\junit-platform-commons-1.8.2.jar;E:\maven\apache-maven-3.5.0\apache-maven-3.5.0\repo\org\apiguardian\apiguardian-api\1.1.2\apiguardian-api-1.1.2.jar;D:\JAVA\JDK\jre\lib\charsets.jar;D:\JAVA\JDK\jre\lib\deploy.jar;D:\JAVA\JDK\jre\lib\ext\access-bridge-64.jar;D:\JAVA\JDK\jre\lib\ext\cldrdata.jar;D:\JAVA\JDK\jre\lib\ext\dnsns.jar;D:\JAVA\JDK\jre\lib\ext\jaccess.jar;D:\JAVA\JDK\jre\lib\ext\jfxrt.jar;D:\JAVA\JDK\jre\lib\ext\localedata.jar;D:\JAVA\JDK\jre\lib\ext\nashorn.jar;D:\JAVA\JDK\jre\lib\ext\sunec.jar;D:\JAVA\JDK\jre\lib\ext\sunjce_provider.jar;D:\JAVA\JDK\jre\lib\ext\sunmscapi.jar;D:\JAVA\JDK\jre\lib\ext\sunpkcs11.jar;D:\JAVA\JDK\jre\lib\ext\zipfs.jar;D:\JAVA\JDK\jre\lib\javaws.jar;D:\JAVA\JDK\jre\lib\jce.jar;D:\JAVA\JDK\jre\lib\jfr.jar;D:\JAVA\JDK\jre\lib\jfxswt.jar;D:\JAVA\JDK\jre\lib\jsse.jar;D:\JAVA\JDK\jre\lib\management-agent.jar;D:\JAVA\JDK\jre\lib\plugin.jar;D:\JAVA\JDK\jre\lib\resources.jar;D:\JAVA\JDK\jre\lib\rt.jar;D:\IdeaProjects\spring-shangc\target\test-classes;D:\IdeaProjects\spring-shangc\target\classes;E:\maven\apache-maven-3.5.0\apache-maven-3.5.0\repo\org\springframework\boot\spring-boot-starter-security\2.7.6\spring-boot-starter-security-2.7.6.jar;E:\maven\apache-maven-3.5.0\apache-maven-3.5.0\repo\org\springframework\boot\spring-boot-starter\2.7.6\spring-boot-starter-2.7.6.jar;E:\mave
Launcher Type: SUN_STANDARD

Environment Variables:
JAVA_HOME=D:\JAVA\
PATH=C:\ProgramData\Oracle\Java\javapath;D:\oracle\app\oracle\product\11.2.0\server\bin;C:\WINDOWS\system32;C:\WINDOWS;C:\WINDOWS\System32\Wbem;C:\WINDOWS\System32\WindowsPowerShell\v1.0\;C:\WINDOWS\System32\OpenSSH\;D:\JAVA\\JRE\bin;D:\JAVA\\JDK\bin;C:\Users\Administrator\AppData\Local\Programs\Python\Python36;D:\ct\apache-tomcat-8.0.52\bin;C:\Program Files\Microsoft SQL Server\130\Tools\Binn\;C:\Program Files\dotnet\;C:\Program Files\Microsoft SQL Server\Client SDK\ODBC\170\Tools\Binn\;C:\Program Files (x86)\dotnet\;D:\Back end\node\;C:\Users\Administrator\AppData\Local\Programs\Python\Python36\Scripts\;C:\Users\Administrator\AppData\Local\Programs\Python\Python36\;C:\Users\Administrator\AppData\Local\Microsoft\WindowsApps;D:\visual studio\bin;C:\mingw64\bin;C:\Users\Administrator\.dotnet\tools;C:\Users\Administrator\AppData\Roaming\npm
USERNAME=Administrator
OS=Windows_NT
PROCESSOR_IDENTIFIER=AMD64 Family 23 Model 17 Stepping 0, AuthenticAMD



---------------  S Y S T E M  ---------------

OS: Windows 10.0 , 64 bit Build 19041 (10.0.19041.2788)

CPU:total 8 (8 cores per cpu, 1 threads per core) family 23 model 17 stepping 0, cmov, cx8, fxsr, mmx, sse, sse2, sse3, ssse3, sse4.1, sse4.2, popcnt, avx, avx2, aes, clmul, mmxext, 3dnowpref, lzcnt, sse4a, tsc, tscinvbit, tscinv, bmi1

Memory: 4k page, physical 7998076k(957524k free), swap 12926648k(4220k free)

vm_info: Java HotSpot(TM) 64-Bit Server VM (25.101-b13) for windows-amd64 JRE (1.8.0_101-b13), built on Jun 22 2016 01:21:29 by "java_re" with MS VC++ 10.0 (VS2010)

time: Mon May 15 20:48:48 2023
elapsed time: 9 seconds (0d 0h 0m 9s)

