#
# There is insufficient memory for the Java Runtime Environment to continue.
# Native memory allocation (malloc) failed to allocate 1055376 bytes for Chunk::new
# Possible reasons:
#   The system is out of physical RAM or swap space
#   In 32 bit mode, the process size limit was hit
# Possible solutions:
#   Reduce memory load on the system
#   Increase physical memory or swap space
#   Check if swap backing store is full
#   Use 64 bit Java on a 64 bit OS
#   Decrease Java heap size (-Xmx/-Xms)
#   Decrease number of Java threads
#   Decrease Java thread stack sizes (-Xss)
#   Set larger code cache with -XX:ReservedCodeCacheSize=
# This output file may be truncated or incomplete.
#
#  Out of Memory Error (allocation.cpp:390), pid=10980, tid=0x0000000000003a48
#
# JRE version: Java(TM) SE Runtime Environment (8.0_101-b13) (build 1.8.0_101-b13)
# Java VM: Java HotSpot(TM) 64-Bit Server VM (25.101-b13 mixed mode windows-amd64 compressed oops)
# Failed to write core dump. Minidumps are not enabled by default on client versions of Windows
#

---------------  T H R E A D  ---------------

Current thread (0x0000000019cb4000):  JavaThread "C2 CompilerThread0" daemon [_thread_in_native, id=14920, stack(0x000000001a460000,0x000000001a560000)]

Stack: [0x000000001a460000,0x000000001a560000]
[error occurred during error reporting (printing stack bounds), id 0xc0000005]

Native frames: (J=compiled Java code, j=interpreted, Vv=VM code, C=native code)


Current CompileTask:
C2:   9418 3926       4       org.springframework.core.annotation.AnnotationsScanner::getBaseTypeMethods (145 bytes)


---------------  P R O C E S S  ---------------

Java Threads: ( => current thread )
  0x000000001e760800 JavaThread "lettuce-timer-3-1" daemon [_thread_blocked, id=956, stack(0x0000000020f50000,0x0000000021050000)]
  0x000000001d188800 JavaThread "mysql-cj-abandoned-connection-cleanup" daemon [_thread_blocked, id=14520, stack(0x000000001dab0000,0x000000001dbb0000)]
  0x0000000019d61000 JavaThread "Service Thread" daemon [_thread_blocked, id=12212, stack(0x000000001a860000,0x000000001a960000)]
  0x0000000019cca800 JavaThread "C1 CompilerThread3" daemon [_thread_blocked, id=14384, stack(0x000000001a760000,0x000000001a860000)]
  0x0000000019cbf000 JavaThread "C2 CompilerThread2" daemon [_thread_blocked, id=10844, stack(0x000000001a660000,0x000000001a760000)]
  0x0000000019cb9000 JavaThread "C2 CompilerThread1" daemon [_thread_blocked, id=1056, stack(0x000000001a560000,0x000000001a660000)]
=>0x0000000019cb4000 JavaThread "C2 CompilerThread0" daemon [_thread_in_native, id=14920, stack(0x000000001a460000,0x000000001a560000)]
  0x0000000017d3b800 JavaThread "Monitor Ctrl-Break" daemon [_thread_in_native, id=12256, stack(0x000000001a360000,0x000000001a460000)]
  0x0000000019c44800 JavaThread "Attach Listener" daemon [_thread_blocked, id=13452, stack(0x000000001a260000,0x000000001a360000)]
  0x0000000019ca0800 JavaThread "Signal Dispatcher" daemon [_thread_blocked, id=14136, stack(0x000000001a160000,0x000000001a260000)]
  0x0000000019c20800 JavaThread "Finalizer" daemon [_thread_blocked, id=4092, stack(0x000000001a000000,0x000000001a100000)]
  0x0000000002f1d000 JavaThread "Reference Handler" daemon [_thread_blocked, id=5712, stack(0x0000000019b00000,0x0000000019c00000)]
  0x0000000002e22800 JavaThread "main" [_thread_in_vm, id=14680, stack(0x0000000002c70000,0x0000000002d70000)]

Other Threads:
  0x0000000017d2a000 VMThread [stack: 0x0000000019a00000,0x0000000019b00000] [id=9588]
  0x0000000019dd2000 WatcherThread [stack: 0x000000001a960000,0x000000001aa60000] [id=5932]

VM state:not at safepoint (normal execution)

VM Mutex/Monitor currently owned by a thread: None

Heap:
 PSYoungGen      total 193536K, used 25716K [0x00000000d7500000, 0x00000000e5400000, 0x0000000100000000)
  eden space 182784K, 8% used [0x00000000d7500000,0x00000000d839f770,0x00000000e2780000)
  from space 10752K, 99% used [0x00000000e3200000,0x00000000e3c7da80,0x00000000e3c80000)
  to   space 10752K, 0% used [0x00000000e2780000,0x00000000e2780000,0x00000000e3200000)
 ParOldGen       total 48640K, used 19529K [0x0000000085e00000, 0x0000000088d80000, 0x00000000d7500000)
  object space 48640K, 40% used [0x0000000085e00000,0x0000000087112710,0x0000000088d80000)
 Metaspace       used 51864K, capacity 55486K, committed 55680K, reserved 1097728K
  class space    used 7038K, capacity 7690K, committed 7808K, reserved 1048576K

Card table byte_map: [0x00000000123e0000,0x00000000127c0000] byte_map_base: 0x0000000011fb1000

Marking Bits: (ParMarkBitMap*) 0x0000000074a5a6d0
 Begin Bits: [0x0000000013250000, 0x00000000150d8000)
 End Bits:   [0x00000000150d8000, 0x0000000016f60000)

Polling page: 0x00000000028e0000

CodeCache: size=245760Kb used=16175Kb max_used=16187Kb free=229584Kb
 bounds [0x0000000003020000, 0x0000000004000000, 0x0000000012020000]
 total_blobs=4678 nmethods=4178 adapters=413
 compilation: enabled

Compilation events (10 events):
Event: 9.385 Thread 0x0000000019cca800 4198       3       java.nio.Buffer::flip (20 bytes)
Event: 9.385 Thread 0x0000000019cca800 nmethod 4198 0x0000000003ff1e10 code [0x0000000003ff1f60, 0x0000000003ff20d0]
Event: 9.385 Thread 0x0000000019cca800 4199       3       io.netty.util.internal.ObjectUtil::checkNotNull (15 bytes)
Event: 9.385 Thread 0x0000000019cca800 nmethod 4199 0x0000000003ff1990 code [0x0000000003ff1b00, 0x0000000003ff1d28]
Event: 9.386 Thread 0x0000000019cca800 4200       3       java.nio.HeapByteBuffer::get (15 bytes)
Event: 9.386 Thread 0x0000000019cca800 nmethod 4200 0x0000000003ff1390 code [0x0000000003ff1500, 0x0000000003ff17b0]
Event: 9.386 Thread 0x0000000019cca800 4201       3       java.lang.Class::getDeclaredField (34 bytes)
Event: 9.387 Thread 0x0000000019cca800 nmethod 4201 0x0000000003fe0250 code [0x0000000003fe0400, 0x0000000003fe0708]
Event: 9.403 Thread 0x0000000019cb9000 4202       4       java.lang.invoke.TypeConvertingMethodAdapter::descriptorToName (36 bytes)
Event: 9.409 Thread 0x0000000019cb9000 nmethod 4202 0x0000000003ff6650 code [0x0000000003ff67c0, 0x0000000003ff6c58]

GC Heap History (10 events):
Event: 3.743 GC heap before
{Heap before GC invocations=8 (full 1):
 PSYoungGen      total 116736K, used 116459K [0x00000000d7500000, 0x00000000e0080000, 0x0000000100000000)
  eden space 109056K, 100% used [0x00000000d7500000,0x00000000ddf80000,0x00000000ddf80000)
  from space 7680K, 96% used [0x00000000df900000,0x00000000e003acb8,0x00000000e0080000)
  to   space 8704K, 0% used [0x00000000def80000,0x00000000def80000,0x00000000df800000)
 ParOldGen       total 48640K, used 5794K [0x0000000085e00000, 0x0000000088d80000, 0x00000000d7500000)
  object space 48640K, 11% used [0x0000000085e00000,0x00000000863a8ad8,0x0000000088d80000)
 Metaspace       used 30474K, capacity 32582K, committed 32896K, reserved 1077248K
  class space    used 3985K, capacity 4367K, committed 4480K, reserved 1048576K
Event: 3.754 GC heap after
Heap after GC invocations=8 (full 1):
 PSYoungGen      total 134144K, used 8678K [0x00000000d7500000, 0x00000000e3c80000, 0x0000000100000000)
  eden space 125440K, 0% used [0x00000000d7500000,0x00000000d7500000,0x00000000def80000)
  from space 8704K, 99% used [0x00000000def80000,0x00000000df7f98b0,0x00000000df800000)
  to   space 10752K, 0% used [0x00000000e3200000,0x00000000e3200000,0x00000000e3c80000)
 ParOldGen       total 48640K, used 7710K [0x0000000085e00000, 0x0000000088d80000, 0x00000000d7500000)
  object space 48640K, 15% used [0x0000000085e00000,0x00000000865879d8,0x0000000088d80000)
 Metaspace       used 30474K, capacity 32582K, committed 32896K, reserved 1077248K
  class space    used 3985K, capacity 4367K, committed 4480K, reserved 1048576K
}
Event: 4.267 GC heap before
{Heap before GC invocations=9 (full 1):
 PSYoungGen      total 134144K, used 55474K [0x00000000d7500000, 0x00000000e3c80000, 0x0000000100000000)
  eden space 125440K, 37% used [0x00000000d7500000,0x00000000da2b31c0,0x00000000def80000)
  from space 8704K, 99% used [0x00000000def80000,0x00000000df7f98b0,0x00000000df800000)
  to   space 10752K, 0% used [0x00000000e3200000,0x00000000e3200000,0x00000000e3c80000)
 ParOldGen       total 48640K, used 7710K [0x0000000085e00000, 0x0000000088d80000, 0x00000000d7500000)
  object space 48640K, 15% used [0x0000000085e00000,0x00000000865879d8,0x0000000088d80000)
 Metaspace       used 33117K, capacity 35380K, committed 35496K, reserved 1079296K
  class space    used 4454K, capacity 4894K, committed 4992K, reserved 1048576K
Event: 4.276 GC heap after
Heap after GC invocations=9 (full 1):
 PSYoungGen      total 193536K, used 8065K [0x00000000d7500000, 0x00000000e5400000, 0x0000000100000000)
  eden space 182784K, 0% used [0x00000000d7500000,0x00000000d7500000,0x00000000e2780000)
  from space 10752K, 75% used [0x00000000e3200000,0x00000000e39e0400,0x00000000e3c80000)
  to   space 10752K, 0% used [0x00000000e2780000,0x00000000e2780000,0x00000000e3200000)
 ParOldGen       total 48640K, used 7718K [0x0000000085e00000, 0x0000000088d80000, 0x00000000d7500000)
  object space 48640K, 15% used [0x0000000085e00000,0x00000000865899d8,0x0000000088d80000)
 Metaspace       used 33117K, capacity 35380K, committed 35496K, reserved 1079296K
  class space    used 4454K, capacity 4894K, committed 4992K, reserved 1048576K
}
Event: 4.276 GC heap before
{Heap before GC invocations=10 (full 2):
 PSYoungGen      total 193536K, used 8065K [0x00000000d7500000, 0x00000000e5400000, 0x0000000100000000)
  eden space 182784K, 0% used [0x00000000d7500000,0x00000000d7500000,0x00000000e2780000)
  from space 10752K, 75% used [0x00000000e3200000,0x00000000e39e0400,0x00000000e3c80000)
  to   space 10752K, 0% used [0x00000000e2780000,0x00000000e2780000,0x00000000e3200000)
 ParOldGen       total 48640K, used 7718K [0x0000000085e00000, 0x0000000088d80000, 0x00000000d7500000)
  object space 48640K, 15% used [0x0000000085e00000,0x00000000865899d8,0x0000000088d80000)
 Metaspace       used 33117K, capacity 35380K, committed 35496K, reserved 1079296K
  class space    used 4454K, capacity 4894K, committed 4992K, reserved 1048576K
Event: 4.355 GC heap after
Heap after GC invocations=10 (full 2):
 PSYoungGen      total 193536K, used 0K [0x00000000d7500000, 0x00000000e5400000, 0x0000000100000000)
  eden space 182784K, 0% used [0x00000000d7500000,0x00000000d7500000,0x00000000e2780000)
  from space 10752K, 0% used [0x00000000e3200000,0x00000000e3200000,0x00000000e3c80000)
  to   space 10752K, 0% used [0x00000000e2780000,0x00000000e2780000,0x00000000e3200000)
 ParOldGen       total 48640K, used 12738K [0x0000000085e00000, 0x0000000088d80000, 0x00000000d7500000)
  object space 48640K, 26% used [0x0000000085e00000,0x0000000086a70870,0x0000000088d80000)
 Metaspace       used 33117K, capacity 35380K, committed 35496K, reserved 1079296K
  class space    used 4454K, capacity 4894K, committed 4992K, reserved 1048576K
}
Event: 7.750 GC heap before
{Heap before GC invocations=11 (full 2):
 PSYoungGen      total 193536K, used 182784K [0x00000000d7500000, 0x00000000e5400000, 0x0000000100000000)
  eden space 182784K, 100% used [0x00000000d7500000,0x00000000e2780000,0x00000000e2780000)
  from space 10752K, 0% used [0x00000000e3200000,0x00000000e3200000,0x00000000e3c80000)
  to   space 10752K, 0% used [0x00000000e2780000,0x00000000e2780000,0x00000000e3200000)
 ParOldGen       total 48640K, used 12738K [0x0000000085e00000, 0x0000000088d80000, 0x00000000d7500000)
  object space 48640K, 26% used [0x0000000085e00000,0x0000000086a70870,0x0000000088d80000)
 Metaspace       used 43532K, capacity 46662K, committed 46976K, reserved 1089536K
  class space    used 5896K, capacity 6463K, committed 6528K, reserved 1048576K
Event: 7.769 GC heap after
Heap after GC invocations=11 (full 2):
 PSYoungGen      total 193536K, used 10733K [0x00000000d7500000, 0x00000000e5400000, 0x0000000100000000)
  eden space 182784K, 0% used [0x00000000d7500000,0x00000000d7500000,0x00000000e2780000)
  from space 10752K, 99% used [0x00000000e2780000,0x00000000e31fb728,0x00000000e3200000)
  to   space 10752K, 0% used [0x00000000e3200000,0x00000000e3200000,0x00000000e3c80000)
 ParOldGen       total 48640K, used 15199K [0x0000000085e00000, 0x0000000088d80000, 0x00000000d7500000)
  object space 48640K, 31% used [0x0000000085e00000,0x0000000086cd7ca8,0x0000000088d80000)
 Metaspace       used 43532K, capacity 46662K, committed 46976K, reserved 1089536K
  class space    used 5896K, capacity 6463K, committed 6528K, reserved 1048576K
}
Event: 9.192 GC heap before
{Heap before GC invocations=12 (full 2):
 PSYoungGen      total 193536K, used 193517K [0x00000000d7500000, 0x00000000e5400000, 0x0000000100000000)
  eden space 182784K, 100% used [0x00000000d7500000,0x00000000e2780000,0x00000000e2780000)
  from space 10752K, 99% used [0x00000000e2780000,0x00000000e31fb728,0x00000000e3200000)
  to   space 10752K, 0% used [0x00000000e3200000,0x00000000e3200000,0x00000000e3c80000)
 ParOldGen       total 48640K, used 15199K [0x0000000085e00000, 0x0000000088d80000, 0x00000000d7500000)
  object space 48640K, 31% used [0x0000000085e00000,0x0000000086cd7ca8,0x0000000088d80000)
 Metaspace       used 49781K, capacity 53294K, committed 53504K, reserved 1095680K
  class space    used 6809K, capacity 7418K, committed 7424K, reserved 1048576K
Event: 9.206 GC heap after
Heap after GC invocations=12 (full 2):
 PSYoungGen      total 193536K, used 10742K [0x00000000d7500000, 0x00000000e5400000, 0x0000000100000000)
  eden space 182784K, 0% used [0x00000000d7500000,0x00000000d7500000,0x00000000e2780000)
  from space 10752K, 99% used [0x00000000e3200000,0x00000000e3c7da80,0x00000000e3c80000)
  to   space 10752K, 0% used [0x00000000e2780000,0x00000000e2780000,0x00000000e3200000)
 ParOldGen       total 48640K, used 19529K [0x0000000085e00000, 0x0000000088d80000, 0x00000000d7500000)
  object space 48640K, 40% used [0x0000000085e00000,0x0000000087112710,0x0000000088d80000)
 Metaspace       used 49781K, capacity 53294K, committed 53504K, reserved 1095680K
  class space    used 6809K, capacity 7418K, committed 7424K, reserved 1048576K
}

Deoptimization events (10 events):
Event: 8.861 Thread 0x0000000002e22800 Uncommon trap: reason=class_check action=maybe_recompile pc=0x0000000003ce5afc method=java.lang.ClassLoader.loadClass(Ljava/lang/String;)Ljava/lang/Class; @ 3
Event: 8.861 Thread 0x0000000002e22800 Uncommon trap: reason=unstable_if action=reinterpret pc=0x00000000036016b4 method=java.lang.ClassLoader.getClassLoadingLock(Ljava/lang/String;)Ljava/lang/Object; @ 6
Event: 8.861 Thread 0x0000000002e22800 Uncommon trap: reason=class_check action=maybe_recompile pc=0x0000000003ce5afc method=java.lang.ClassLoader.loadClass(Ljava/lang/String;)Ljava/lang/Class; @ 3
Event: 9.008 Thread 0x0000000002e22800 Uncommon trap: reason=class_check action=maybe_recompile pc=0x0000000003ce5afc method=java.lang.ClassLoader.loadClass(Ljava/lang/String;)Ljava/lang/Class; @ 3
Event: 9.156 Thread 0x0000000002e22800 Uncommon trap: reason=unstable_if action=reinterpret pc=0x000000000362b714 method=java.util.HashMap.putVal(ILjava/lang/Object;Ljava/lang/Object;ZZ)Ljava/lang/Object; @ 162
Event: 9.156 Thread 0x0000000002e22800 Uncommon trap: reason=bimorphic action=maybe_recompile pc=0x0000000003581de0 method=java.util.HashMap.putVal(ILjava/lang/Object;Ljava/lang/Object;ZZ)Ljava/lang/Object; @ 203
Event: 9.156 Thread 0x0000000002e22800 Uncommon trap: reason=bimorphic action=maybe_recompile pc=0x0000000003581de0 method=java.util.HashMap.putVal(ILjava/lang/Object;Ljava/lang/Object;ZZ)Ljava/lang/Object; @ 203
Event: 9.156 Thread 0x0000000002e22800 Uncommon trap: reason=bimorphic action=maybe_recompile pc=0x0000000003581de0 method=java.util.HashMap.putVal(ILjava/lang/Object;Ljava/lang/Object;ZZ)Ljava/lang/Object; @ 203
Event: 9.158 Thread 0x0000000002e22800 Uncommon trap: reason=unstable_if action=reinterpret pc=0x000000000398035c method=java.util.HashMap.putVal(ILjava/lang/Object;Ljava/lang/Object;ZZ)Ljava/lang/Object; @ 162
Event: 9.160 Thread 0x0000000002e22800 Uncommon trap: reason=unstable_if action=reinterpret pc=0x00000000035ab750 method=java.util.HashMap.resize()[Ljava/util/HashMap$Node; @ 206

Internal exceptions (10 events):
Event: 8.702 Thread 0x0000000002e22800 Exception <a 'java/lang/ClassNotFoundException': org/springframework/beans/factory/AwareCustomizer> (0x00000000df53d8d8) thrown at [C:\re\workspace\8-2-build-windows-amd64-cygwin\jdk8u101\7261\hotspot\src\share\vm\classfile\systemDictionary.cpp, line 210]
Event: 8.703 Thread 0x0000000002e22800 Exception <a 'java/lang/ClassNotFoundException': org/springframework/beans/factory/InitializingBeanCustomizer> (0x00000000df55d708) thrown at [C:\re\workspace\8-2-build-windows-amd64-cygwin\jdk8u101\7261\hotspot\src\share\vm\classfile\systemDictionary.cpp,HÌ¢fþg!@
Event: 8.703 Thread 0x0000000002e22800 Exception <a 'java/lang/ClassNotFoundException': org/springframework/beans/factory/DisposableBeanCustomizer> (0x00000000df57c7e8) thrown at [C:\re\workspace\8-2-build-windows-amd64-cygwin\jdk8u101\7261\hotspot\src\share\vm\classfile\systemDictionary.cpp, l
Event: 8.707 Thread 0x0000000002e22800 Exception <a 'java/lang/ClassNotFoundException': java/lang/ObjectCustomizer> (0x00000000df5b30f0) thrown at [C:\re\workspace\8-2-build-windows-amd64-cygwin\jdk8u101\7261\hotspot\src\share\vm\classfile\systemDictionary.cpp, line 210]
Event: 8.708 Thread 0x0000000002e22800 Exception <a 'java/lang/ClassNotFoundException': org/springframework/web/multipart/support/StandardServletMultipartResolverCustomizer> (0x00000000df5df0f8) thrown at [C:\re\workspace\8-2-build-windows-amd64-cygwin\jdk8u101\7261\hotspot\src\share\vm\classfiŒ‰BËj!@
Event: 8.709 Thread 0x0000000002e22800 Exception <a 'java/lang/ClassNotFoundException': org/springframework/web/multipart/MultipartResolverCustomizer> (0x00000000df605e70) thrown at [C:\re\workspace\8-2-build-windows-amd64-cygwin\jdk8u101\7261\hotspot\src\share\vm\classfile\systemDictionary.cppíÙÎRŠ!@
Event: 8.770 Thread 0x0000000002e22800 Exception <a 'java/lang/ClassNotFoundException': java/lang/ObjectCustomizer> (0x00000000df961600) thrown at [C:\re\workspace\8-2-build-windows-amd64-cygwin\jdk8u101\7261\hotspot\src\share\vm\classfile\systemDictionary.cpp, line 210]
Event: 8.770 Thread 0x0000000002e22800 Exception <a 'java/lang/ClassNotFoundException': com/congwu/demo/ApplicationTestsCustomizer> (0x00000000df97d120) thrown at [C:\re\workspace\8-2-build-windows-amd64-cygwin\jdk8u101\7261\hotspot\src\share\vm\classfile\systemDictionary.cpp, line 210]
Event: 8.824 Thread 0x0000000002e22800 Exception <a 'java/lang/ClassNotFoundException': java/lang/Module> (0x00000000dfed2b58) thrown at [C:\re\workspace\8-2-build-windows-amd64-cygwin\jdk8u101\7261\hotspot\src\share\vm\classfile\systemDictionary.cpp, line 210]
Event: 8.872 Thread 0x0000000002e22800 Exception <a 'java/lang/ClassNotFoundException': java/lang/Module> (0x00000000e01d8798) thrown at [C:\re\workspace\8-2-build-windows-amd64-cygwin\jdk8u101\7261\hotspot\src\share\vm\classfile\systemDictionary.cpp, line 210]

Events (10 events):
Event: 9.412 loading class reactor/core/publisher/FluxPeekFuseable$PeekConditionalSubscriber
Event: 9.412 loading class reactor/core/publisher/FluxPeekFuseable$PeekConditionalSubscriber done
Event: 9.413 loading class io/lettuce/core/RedisURI
Event: 9.413 loading class io/lettuce/core/RedisURI done
Event: 9.413 loading class io/lettuce/core/RedisClient
Event: 9.413 loading class io/lettuce/core/RedisClient done
Event: 9.413 loading class reactor/core/publisher/Operators$MonoSubscriber
Event: 9.413 loading class reactor/core/publisher/Operators$MonoSubscriber done
Event: 9.415 loading class reactor/core/publisher/Operators$CancelledSubscription
Event: 9.415 loading class reactor/core/publisher/Operators$CancelledSubscription done


Dynamic libraries:
0x00007ff6c2150000 - 0x00007ff6c2187000 	D:\JAVA\JDK\bin\java.exe
0x00007ffdbfb30000 - 0x00007ffdbfd28000 	C:\WINDOWS\SYSTEM32\ntdll.dll
0x00007ffdbf9a0000 - 0x00007ffdbfa5f000 	C:\WINDOWS\System32\KERNEL32.DLL
0x00007ffdbd600000 - 0x00007ffdbd8da000 	C:\WINDOWS\System32\KERNELBASE.dll
0x00007ffdbdc30000 - 0x00007ffdbdcde000 	C:\WINDOWS\System32\ADVAPI32.dll
0x00007ffdbe820000 - 0x00007ffdbe8be000 	C:\WINDOWS\System32\msvcrt.dll
0x00007ffdbdb90000 - 0x00007ffdbdc2c000 	C:\WINDOWS\System32\sechost.dll
0x00007ffdbf730000 - 0x00007ffdbf856000 	C:\WINDOWS\System32\RPCRT4.dll
0x00007ffdbe920000 - 0x00007ffdbeabd000 	C:\WINDOWS\System32\USER32.dll
0x00007ffdbda60000 - 0x00007ffdbda82000 	C:\WINDOWS\System32\win32u.dll
0x00007ffdbe730000 - 0x00007ffdbe75b000 	C:\WINDOWS\System32\GDI32.dll
0x00007ffdbd8e0000 - 0x00007ffdbd9f0000 	C:\WINDOWS\System32\gdi32full.dll
0x00007ffdbd340000 - 0x00007ffdbd3dd000 	C:\WINDOWS\System32\msvcp_win.dll
0x00007ffdbda90000 - 0x00007ffdbdb90000 	C:\WINDOWS\System32\ucrtbase.dll
0x00007ffdae6e0000 - 0x00007ffdae97a000 	C:\WINDOWS\WinSxS\amd64_microsoft.windows.common-controls_6595b64144ccf1df_6.0.19041.1110_none_60b5254171f9507e\COMCTL32.dll
0x00007ffdbe670000 - 0x00007ffdbe6a0000 	C:\WINDOWS\System32\IMM32.DLL
0x0000000075d00000 - 0x0000000075dd2000 	D:\JAVA\JDK\jre\bin\msvcr100.dll
0x0000000074240000 - 0x0000000074ada000 	D:\JAVA\JDK\jre\bin\server\jvm.dll
0x00007ffdbe6a0000 - 0x00007ffdbe6a8000 	C:\WINDOWS\System32\PSAPI.DLL
0x00007ffdb5310000 - 0x00007ffdb531a000 	C:\WINDOWS\SYSTEM32\VERSION.dll
0x00007ffdb2760000 - 0x00007ffdb2787000 	C:\WINDOWS\SYSTEM32\WINMM.dll
0x00007ffdb8c60000 - 0x00007ffdb8c69000 	C:\WINDOWS\SYSTEM32\WSOCK32.dll
0x00007ffdbe6b0000 - 0x00007ffdbe71b000 	C:\WINDOWS\System32\WS2_32.dll
0x0000000075cf0000 - 0x0000000075cff000 	D:\JAVA\JDK\jre\bin\verify.dll
0x0000000075cc0000 - 0x0000000075ce9000 	D:\JAVA\JDK\jre\bin\java.dll
0x0000000075c90000 - 0x0000000075cb3000 	D:\JAVA\JDK\jre\bin\instrument.dll
0x0000000075c70000 - 0x0000000075c86000 	D:\JAVA\JDK\jre\bin\zip.dll
0x00007ffdbdce0000 - 0x00007ffdbe424000 	C:\WINDOWS\System32\SHELL32.dll
0x00007ffdbb020000 - 0x00007ffdbb7b3000 	C:\WINDOWS\SYSTEM32\windows.storage.dll
0x00007ffdbf3d0000 - 0x00007ffdbf724000 	C:\WINDOWS\System32\combase.dll
0x00007ffdbcbc0000 - 0x00007ffdbcbee000 	C:\WINDOWS\SYSTEM32\Wldp.dll
0x00007ffdbf240000 - 0x00007ffdbf2ed000 	C:\WINDOWS\System32\SHCORE.dll
0x00007ffdbe760000 - 0x00007ffdbe7b5000 	C:\WINDOWS\System32\shlwapi.dll
0x00007ffdbd180000 - 0x00007ffdbd19f000 	C:\WINDOWS\SYSTEM32\profapi.dll
0x00007ffda92f0000 - 0x00007ffda930a000 	D:\idea\IntelliJ IDEA 2019.2.1\bin\breakgen64.dll
0x0000000075c50000 - 0x0000000075c6a000 	D:\JAVA\JDK\jre\bin\net.dll
0x00007ffdbc920000 - 0x00007ffdbc98a000 	C:\WINDOWS\system32\mswsock.dll
0x0000000075c20000 - 0x0000000075c31000 	D:\JAVA\JDK\jre\bin\nio.dll
0x0000000075c40000 - 0x0000000075c4d000 	D:\JAVA\JDK\jre\bin\management.dll
0x00007ffdaa100000 - 0x00007ffdaa117000 	C:\WINDOWS\system32\napinsp.dll
0x00007ffdaa0a0000 - 0x00007ffdaa0bb000 	C:\WINDOWS\system32\pnrpnsp.dll
0x00007ffda9f80000 - 0x00007ffda9f95000 	C:\WINDOWS\system32\wshbth.dll
0x00007ffdb88d0000 - 0x00007ffdb88ed000 	C:\WINDOWS\system32\NLAapi.dll
0x00007ffdbc610000 - 0x00007ffdbc64c000 	C:\WINDOWS\SYSTEM32\IPHLPAPI.DLL
0x00007ffdbc650000 - 0x00007ffdbc71b000 	C:\WINDOWS\SYSTEM32\DNSAPI.dll
0x00007ffdbe720000 - 0x00007ffdbe728000 	C:\WINDOWS\System32\NSI.dll
0x00007ffda9f20000 - 0x00007ffda9f32000 	C:\WINDOWS\System32\winrnr.dll
0x00007ffda8cc0000 - 0x00007ffda8cca000 	C:\Windows\System32\rasadhlp.dll
0x00007ffdae010000 - 0x00007ffdae090000 	C:\WINDOWS\System32\fwpuclnt.dll
0x00007ffdbd540000 - 0x00007ffdbd567000 	C:\WINDOWS\System32\bcrypt.dll
0x00007ffdade30000 - 0x00007ffdade47000 	C:\WINDOWS\SYSTEM32\dhcpcsvc6.DLL
0x00007ffdade60000 - 0x00007ffdade7d000 	C:\WINDOWS\SYSTEM32\dhcpcsvc.DLL
0x00007ffdbcb10000 - 0x00007ffdbcb28000 	C:\WINDOWS\SYSTEM32\CRYPTSP.dll
0x00007ffdbc240000 - 0x00007ffdbc274000 	C:\WINDOWS\system32\rsaenh.dll
0x00007ffdbd140000 - 0x00007ffdbd16e000 	C:\WINDOWS\SYSTEM32\USERENV.dll
0x00007ffdbd570000 - 0x00007ffdbd5f2000 	C:\WINDOWS\System32\bcryptprimitives.dll
0x00007ffdbcb30000 - 0x00007ffdbcb3c000 	C:\WINDOWS\SYSTEM32\CRYPTBASE.dll

VM Arguments:
jvm_args: -ea -Didea.test.cyclic.buffer.size=1048576 -javaagent:D:\idea\IntelliJ IDEA 2019.2.1\lib\idea_rt.jar=51408:D:\idea\IntelliJ IDEA 2019.2.1\bin -Dfile.encoding=UTF-8 
java_command: com.intellij.rt.execution.junit.JUnitStarter -ideVersion5 -junit5 com.congwu.demo.ApplicationTests,contextLoads
java_class_path (initial): D:\idea\IntelliJ IDEA 2019.2.1\lib\idea_rt.jar;D:\idea\IntelliJ IDEA 2019.2.1\plugins\junit\lib\junit-rt.jar;D:\idea\IntelliJ IDEA 2019.2.1\plugins\junit\lib\junit5-rt.jar;E:\maven\apache-maven-3.5.0\apache-maven-3.5.0\repo\org\junit\platform\junit-platform-launcher\1.8.2\junit-platform-launcher-1.8.2.jar;E:\maven\apache-maven-3.5.0\apache-maven-3.5.0\repo\org\junit\platform\junit-platform-engine\1.8.2\junit-platform-engine-1.8.2.jar;E:\maven\apache-maven-3.5.0\apache-maven-3.5.0\repo\org\opentest4j\opentest4j\1.2.0\opentest4j-1.2.0.jar;E:\maven\apache-maven-3.5.0\apache-maven-3.5.0\repo\org\junit\platform\junit-platform-commons\1.8.2\junit-platform-commons-1.8.2.jar;E:\maven\apache-maven-3.5.0\apache-maven-3.5.0\repo\org\apiguardian\apiguardian-api\1.1.2\apiguardian-api-1.1.2.jar;D:\JAVA\JDK\jre\lib\charsets.jar;D:\JAVA\JDK\jre\lib\deploy.jar;D:\JAVA\JDK\jre\lib\ext\access-bridge-64.jar;D:\JAVA\JDK\jre\lib\ext\cldrdata.jar;D:\JAVA\JDK\jre\lib\ext\dnsns.jar;D:\JAVA\JDK\jre\lib\ext\jaccess.jar;D:\JAVA\JDK\jre\lib\ext\jfxrt.jar;D:\JAVA\JDK\jre\lib\ext\localedata.jar;D:\JAVA\JDK\jre\lib\ext\nashorn.jar;D:\JAVA\JDK\jre\lib\ext\sunec.jar;D:\JAVA\JDK\jre\lib\ext\sunjce_provider.jar;D:\JAVA\JDK\jre\lib\ext\sunmscapi.jar;D:\JAVA\JDK\jre\lib\ext\sunpkcs11.jar;D:\JAVA\JDK\jre\lib\ext\zipfs.jar;D:\JAVA\JDK\jre\lib\javaws.jar;D:\JAVA\JDK\jre\lib\jce.jar;D:\JAVA\JDK\jre\lib\jfr.jar;D:\JAVA\JDK\jre\lib\jfxswt.jar;D:\JAVA\JDK\jre\lib\jsse.jar;D:\JAVA\JDK\jre\lib\management-agent.jar;D:\JAVA\JDK\jre\lib\plugin.jar;D:\JAVA\JDK\jre\lib\resources.jar;D:\JAVA\JDK\jre\lib\rt.jar;D:\IdeaProjects\spring-shangc\target\test-classes;D:\IdeaProjects\spring-shangc\target\classes;E:\maven\apache-maven-3.5.0\apache-maven-3.5.0\repo\org\springframework\boot\spring-boot-starter-security\2.7.6\spring-boot-starter-security-2.7.6.jar;E:\maven\apache-maven-3.5.0\apache-maven-3.5.0\repo\org\springframework\boot\spring-boot-starter\2.7.6\spring-boot-starter-2.7.6.jar;E:\mave
Launcher Type: SUN_STANDARD

Environment Variables:
JAVA_HOME=D:\JAVA\
PATH=C:\ProgramData\Oracle\Java\javapath;D:\oracle\app\oracle\product\11.2.0\server\bin;C:\WINDOWS\system32;C:\WINDOWS;C:\WINDOWS\System32\Wbem;C:\WINDOWS\System32\WindowsPowerShell\v1.0\;C:\WINDOWS\System32\OpenSSH\;D:\JAVA\\JRE\bin;D:\JAVA\\JDK\bin;C:\Users\Administrator\AppData\Local\Programs\Python\Python36;D:\ct\apache-tomcat-8.0.52\bin;C:\Program Files\Microsoft SQL Server\130\Tools\Binn\;C:\Program Files\dotnet\;C:\Program Files\Microsoft SQL Server\Client SDK\ODBC\170\Tools\Binn\;C:\Program Files (x86)\dotnet\;D:\Back end\node\;C:\Users\Administrator\AppData\Local\Programs\Python\Python36\Scripts\;C:\Users\Administrator\AppData\Local\Programs\Python\Python36\;C:\Users\Administrator\AppData\Local\Microsoft\WindowsApps;D:\visual studio\bin;C:\mingw64\bin;C:\Users\Administrator\.dotnet\tools;C:\Users\Administrator\AppData\Roaming\npm
USERNAME=Administrator
OS=Windows_NT
PROCESSOR_IDENTIFIER=AMD64 Family 23 Model 17 Stepping 0, AuthenticAMD



---------------  S Y S T E M  ---------------

OS: Windows 10.0 , 64 bit Build 19041 (10.0.19041.2788)

CPU:total 8 (8 cores per cpu, 1 threads per core) family 23 model 17 stepping 0, cmov, cx8, fxsr, mmx, sse, sse2, sse3, ssse3, sse4.1, sse4.2, popcnt, avx, avx2, aes, clmul, mmxext, 3dnowpref, lzcnt, sse4a, tsc, tscinvbit, tscinv, bmi1

Memory: 4k page, physical 7998076k(1424904k free), swap 12926648k(5672k free)

vm_info: Java HotSpot(TM) 64-Bit Server VM (25.101-b13) for windows-amd64 JRE (1.8.0_101-b13), built on Jun 22 2016 01:21:29 by "java_re" with MS VC++ 10.0 (VS2010)

time: Mon May 15 21:08:51 2023
elapsed time: 9 seconds (0d 0h 0m 9s)

